Classic Timing Analyzer report for jicun
Fri Dec 08 21:34:09 2017
Quartus II Version 9.0 Build 184 04/29/2009 Service Pack 1 SJ Web Edition


---------------------
; Table of Contents ;
---------------------
  1. Legal Notice
  2. Timing Analyzer Summary
  3. Timing Analyzer Settings
  4. Clock Settings Summary
  5. Parallel Compilation
  6. tsu
  7. tco
  8. th
  9. Timing Analyzer Messages



----------------
; Legal Notice ;
----------------
Copyright (C) 1991-2009 Altera Corporation
Your use of Altera Corporation's design tools, logic functions 
and other software and tools, and its AMPP partner logic 
functions, and any output files from any of the foregoing 
(including device programming or simulation files), and any 
associated documentation or information are expressly subject 
to the terms and conditions of the Altera Program License 
Subscription Agreement, Altera MegaCore Function License 
Agreement, or other applicable license agreement, including, 
without limitation, that your use is for the sole purpose of 
programming logic devices manufactured by Altera and sold by 
Altera or its authorized distributors.  Please refer to the 
applicable agreement for further details.



+---------------------------------------------------------------------------------------------------------------------------------------------------+
; Timing Analyzer Summary                                                                                                                           ;
+------------------------------+-------+---------------+-------------+-------------------+-------------------+------------+----------+--------------+
; Type                         ; Slack ; Required Time ; Actual Time ; From              ; To                ; From Clock ; To Clock ; Failed Paths ;
+------------------------------+-------+---------------+-------------+-------------------+-------------------+------------+----------+--------------+
; Worst-case tsu               ; N/A   ; None          ; 3.255 ns    ; Load              ; dchufa:inst5|inst ; --         ; clock    ; 0            ;
; Worst-case tco               ; N/A   ; None          ; 6.516 ns    ; dchufa:inst5|inst ; Q3                ; clock      ; --       ; 0            ;
; Worst-case th                ; N/A   ; None          ; -2.458 ns   ; D1                ; dchufa:inst3|inst ; --         ; clock    ; 0            ;
; Total number of failed paths ;       ;               ;             ;                   ;                   ;            ;          ; 0            ;
+------------------------------+-------+---------------+-------------+-------------------+-------------------+------------+----------+--------------+


+--------------------------------------------------------------------------------------------------------------------+
; Timing Analyzer Settings                                                                                           ;
+---------------------------------------------------------------------+--------------------+------+----+-------------+
; Option                                                              ; Setting            ; From ; To ; Entity Name ;
+---------------------------------------------------------------------+--------------------+------+----+-------------+
; Device Name                                                         ; EP2S15F484C3       ;      ;    ;             ;
; Timing Models                                                       ; Final              ;      ;    ;             ;
; Default hold multicycle                                             ; Same as Multicycle ;      ;    ;             ;
; Cut paths between unrelated clock domains                           ; On                 ;      ;    ;             ;
; Cut off read during write signal paths                              ; On                 ;      ;    ;             ;
; Cut off feedback from I/O pins                                      ; On                 ;      ;    ;             ;
; Report Combined Fast/Slow Timing                                    ; Off                ;      ;    ;             ;
; Ignore Clock Settings                                               ; Off                ;      ;    ;             ;
; Analyze latches as synchronous elements                             ; On                 ;      ;    ;             ;
; Enable Recovery/Removal analysis                                    ; Off                ;      ;    ;             ;
; Enable Clock Latency                                                ; Off                ;      ;    ;             ;
; Use TimeQuest Timing Analyzer                                       ; Off                ;      ;    ;             ;
; Number of source nodes to report per destination node               ; 10                 ;      ;    ;             ;
; Number of destination nodes to report                               ; 10                 ;      ;    ;             ;
; Number of paths to report                                           ; 200                ;      ;    ;             ;
; Report Minimum Timing Checks                                        ; Off                ;      ;    ;             ;
; Use Fast Timing Models                                              ; Off                ;      ;    ;             ;
; Report IO Paths Separately                                          ; Off                ;      ;    ;             ;
; Perform Multicorner Analysis                                        ; On                 ;      ;    ;             ;
; Reports the worst-case path for each clock domain and analysis      ; Off                ;      ;    ;             ;
; Removes common clock path pessimism (CCPP) during slack computation ; Off                ;      ;    ;             ;
; Output I/O Timing Endpoint                                          ; Near End           ;      ;    ;             ;
+---------------------------------------------------------------------+--------------------+------+----+-------------+


+------------------------------------------------------------------------------------------------------------------------------------------------------------------------------------+
; Clock Settings Summary                                                                                                                                                             ;
+-----------------+--------------------+----------+------------------+---------------+--------------+----------+-----------------------+---------------------+--------+--------------+
; Clock Node Name ; Clock Setting Name ; Type     ; Fmax Requirement ; Early Latency ; Late Latency ; Based on ; Multiply Base Fmax by ; Divide Base Fmax by ; Offset ; Phase offset ;
+-----------------+--------------------+----------+------------------+---------------+--------------+----------+-----------------------+---------------------+--------+--------------+
; clock           ;                    ; User Pin ; None             ; 0.000 ns      ; 0.000 ns     ; --       ; N/A                   ; N/A                 ; N/A    ;              ;
+-----------------+--------------------+----------+------------------+---------------+--------------+----------+-----------------------+---------------------+--------+--------------+


Parallel compilation was disabled, but you have multiple processors available. Enable parallel compilation to reduce compilation time.
+-------------------------------------+
; Parallel Compilation                ;
+----------------------------+--------+
; Processors                 ; Number ;
+----------------------------+--------+
; Number detected on machine ; 4      ;
; Maximum allowed            ; 1      ;
+----------------------------+--------+


+-------------------------------------------------------------------------+
; tsu                                                                     ;
+-------+--------------+------------+------+-------------------+----------+
; Slack ; Required tsu ; Actual tsu ; From ; To                ; To Clock ;
+-------+--------------+------------+------+-------------------+----------+
; N/A   ; None         ; 3.255 ns   ; Load ; dchufa:inst|inst  ; clock    ;
; N/A   ; None         ; 3.255 ns   ; Load ; dchufa:inst3|inst ; clock    ;
; N/A   ; None         ; 3.255 ns   ; Load ; dchufa:inst4|inst ; clock    ;
; N/A   ; None         ; 3.255 ns   ; Load ; dchufa:inst5|inst ; clock    ;
; N/A   ; None         ; 3.155 ns   ; D2   ; dchufa:inst4|inst ; clock    ;
; N/A   ; None         ; 3.026 ns   ; D3   ; dchufa:inst5|inst ; clock    ;
; N/A   ; None         ; 2.889 ns   ; D0   ; dchufa:inst|inst  ; clock    ;
; N/A   ; None         ; 2.697 ns   ; D1   ; dchufa:inst3|inst ; clock    ;
+-------+--------------+------------+------+-------------------+----------+


+-------------------------------------------------------------------------+
; tco                                                                     ;
+-------+--------------+------------+-------------------+----+------------+
; Slack ; Required tco ; Actual tco ; From              ; To ; From Clock ;
+-------+--------------+------------+-------------------+----+------------+
; N/A   ; None         ; 6.516 ns   ; dchufa:inst5|inst ; Q3 ; clock      ;
; N/A   ; None         ; 6.210 ns   ; dchufa:inst3|inst ; Q1 ; clock      ;
; N/A   ; None         ; 6.118 ns   ; dchufa:inst|inst  ; Q0 ; clock      ;
; N/A   ; None         ; 6.090 ns   ; dchufa:inst4|inst ; Q2 ; clock      ;
+-------+--------------+------------+-------------------+----+------------+


+-------------------------------------------------------------------------------+
; th                                                                            ;
+---------------+-------------+-----------+------+-------------------+----------+
; Minimum Slack ; Required th ; Actual th ; From ; To                ; To Clock ;
+---------------+-------------+-----------+------+-------------------+----------+
; N/A           ; None        ; -2.458 ns ; D1   ; dchufa:inst3|inst ; clock    ;
; N/A           ; None        ; -2.650 ns ; D0   ; dchufa:inst|inst  ; clock    ;
; N/A           ; None        ; -2.787 ns ; D3   ; dchufa:inst5|inst ; clock    ;
; N/A           ; None        ; -2.916 ns ; D2   ; dchufa:inst4|inst ; clock    ;
; N/A           ; None        ; -3.016 ns ; Load ; dchufa:inst|inst  ; clock    ;
; N/A           ; None        ; -3.016 ns ; Load ; dchufa:inst3|inst ; clock    ;
; N/A           ; None        ; -3.016 ns ; Load ; dchufa:inst4|inst ; clock    ;
; N/A           ; None        ; -3.016 ns ; Load ; dchufa:inst5|inst ; clock    ;
+---------------+-------------+-----------+------+-------------------+----------+


+--------------------------+
; Timing Analyzer Messages ;
+--------------------------+
Info: *******************************************************************
Info: Running Quartus II Classic Timing Analyzer
    Info: Version 9.0 Build 184 04/29/2009 Service Pack 1 SJ Web Edition
    Info: Processing started: Fri Dec 08 21:34:08 2017
Info: Command: quartus_tan --read_settings_files=off --write_settings_files=off jicun -c jicun --timing_analysis_only
Warning: Found pins functioning as undefined clocks and/or memory enables
    Info: Assuming node "clock" is an undefined clock
Info: No valid register-to-register data paths exist for clock "clock"
Info: tsu for register "dchufa:inst|inst" (data pin = "Load", clock pin = "clock") is 3.255 ns
    Info: + Longest pin to register delay is 5.650 ns
        Info: 1: + IC(0.000 ns) + CELL(0.762 ns) = 0.762 ns; Loc. = PIN_C10; Fanout = 4; PIN Node = 'Load'
        Info: 2: + IC(4.142 ns) + CELL(0.746 ns) = 5.650 ns; Loc. = LCFF_X23_Y12_N17; Fanout = 1; REG Node = 'dchufa:inst|inst'
        Info: Total cell delay = 1.508 ns ( 26.69 % )
        Info: Total interconnect delay = 4.142 ns ( 73.31 % )
    Info: + Micro setup delay of destination is 0.090 ns
    Info: - Shortest clock path from clock "clock" to destination register is 2.485 ns
        Info: 1: + IC(0.000 ns) + CELL(0.854 ns) = 0.854 ns; Loc. = PIN_N20; Fanout = 1; CLK Node = 'clock'
        Info: 2: + IC(0.343 ns) + CELL(0.000 ns) = 1.197 ns; Loc. = CLKCTRL_G3; Fanout = 4; COMB Node = 'clock~clkctrl'
        Info: 3: + IC(0.670 ns) + CELL(0.618 ns) = 2.485 ns; Loc. = LCFF_X23_Y12_N17; Fanout = 1; REG Node = 'dchufa:inst|inst'
        Info: Total cell delay = 1.472 ns ( 59.24 % )
        Info: Total interconnect delay = 1.013 ns ( 40.76 % )
Info: tco from clock "clock" to destination pin "Q3" through register "dchufa:inst5|inst" is 6.516 ns
    Info: + Longest clock path from clock "clock" to source register is 2.485 ns
        Info: 1: + IC(0.000 ns) + CELL(0.854 ns) = 0.854 ns; Loc. = PIN_N20; Fanout = 1; CLK Node = 'clock'
        Info: 2: + IC(0.343 ns) + CELL(0.000 ns) = 1.197 ns; Loc. = CLKCTRL_G3; Fanout = 4; COMB Node = 'clock~clkctrl'
        Info: 3: + IC(0.670 ns) + CELL(0.618 ns) = 2.485 ns; Loc. = LCFF_X23_Y12_N23; Fanout = 1; REG Node = 'dchufa:inst5|inst'
        Info: Total cell delay = 1.472 ns ( 59.24 % )
        Info: Total interconnect delay = 1.013 ns ( 40.76 % )
    Info: + Micro clock to output delay of source is 0.094 ns
    Info: + Longest register to pin delay is 3.937 ns
        Info: 1: + IC(0.000 ns) + CELL(0.000 ns) = 0.000 ns; Loc. = LCFF_X23_Y12_N23; Fanout = 1; REG Node = 'dchufa:inst5|inst'
        Info: 2: + IC(1.945 ns) + CELL(1.992 ns) = 3.937 ns; Loc. = PIN_A5; Fanout = 0; PIN Node = 'Q3'
        Info: Total cell delay = 1.992 ns ( 50.60 % )
        Info: Total interconnect delay = 1.945 ns ( 49.40 % )
Info: th for register "dchufa:inst3|inst" (data pin = "D1", clock pin = "clock") is -2.458 ns
    Info: + Longest clock path from clock "clock" to destination register is 2.485 ns
        Info: 1: + IC(0.000 ns) + CELL(0.854 ns) = 0.854 ns; Loc. = PIN_N20; Fanout = 1; CLK Node = 'clock'
        Info: 2: + IC(0.343 ns) + CELL(0.000 ns) = 1.197 ns; Loc. = CLKCTRL_G3; Fanout = 4; COMB Node = 'clock~clkctrl'
        Info: 3: + IC(0.670 ns) + CELL(0.618 ns) = 2.485 ns; Loc. = LCFF_X23_Y12_N19; Fanout = 1; REG Node = 'dchufa:inst3|inst'
        Info: Total cell delay = 1.472 ns ( 59.24 % )
        Info: Total interconnect delay = 1.013 ns ( 40.76 % )
    Info: + Micro hold delay of destination is 0.149 ns
    Info: - Shortest pin to register delay is 5.092 ns
        Info: 1: + IC(0.000 ns) + CELL(0.799 ns) = 0.799 ns; Loc. = PIN_W10; Fanout = 1; PIN Node = 'D1'
        Info: 2: + IC(4.085 ns) + CELL(0.053 ns) = 4.937 ns; Loc. = LCCOMB_X23_Y12_N18; Fanout = 1; COMB Node = 'dchufa:inst3|inst~feeder'
        Info: 3: + IC(0.000 ns) + CELL(0.155 ns) = 5.092 ns; Loc. = LCFF_X23_Y12_N19; Fanout = 1; REG Node = 'dchufa:inst3|inst'
        Info: Total cell delay = 1.007 ns ( 19.78 % )
        Info: Total interconnect delay = 4.085 ns ( 80.22 % )
Info: Quartus II Classic Timing Analyzer was successful. 0 errors, 1 warning
    Info: Peak virtual memory: 247 megabytes
    Info: Processing ended: Fri Dec 08 21:34:09 2017
    Info: Elapsed time: 00:00:01
    Info: Total CPU time (on all processors): 00:00:00


