Analysis & Synthesis report for aluofwb
Fri Jan 05 15:07:58 2018
Quartus II Version 9.0 Build 184 04/29/2009 Service Pack 1 SJ Web Edition


---------------------
; Table of Contents ;
---------------------
  1. Legal Notice
  2. Analysis & Synthesis Summary
  3. Analysis & Synthesis Settings
  4. Analysis & Synthesis Source Files Read
  5. Analysis & Synthesis Resource Usage Summary
  6. Analysis & Synthesis Resource Utilization by Entity
  7. User-Specified and Inferred Latches
  8. General Register Statistics
  9. Multiplexer Restructuring Statistics (Restructuring Performed)
 10. Analysis & Synthesis Messages



----------------
; Legal Notice ;
----------------
Copyright (C) 1991-2009 Altera Corporation
Your use of Altera Corporation's design tools, logic functions 
and other software and tools, and its AMPP partner logic 
functions, and any output files from any of the foregoing 
(including device programming or simulation files), and any 
associated documentation or information are expressly subject 
to the terms and conditions of the Altera Program License 
Subscription Agreement, Altera MegaCore Function License 
Agreement, or other applicable license agreement, including, 
without limitation, that your use is for the sole purpose of 
programming logic devices manufactured by Altera and sold by 
Altera or its authorized distributors.  Please refer to the 
applicable agreement for further details.



+----------------------------------------------------------------------------+
; Analysis & Synthesis Summary                                               ;
+-----------------------------+----------------------------------------------+
; Analysis & Synthesis Status ; Successful - Fri Jan 05 15:07:58 2018        ;
; Quartus II Version          ; 9.0 Build 184 04/29/2009 SP 1 SJ Web Edition ;
; Revision Name               ; aluofwb                                      ;
; Top-level Entity Name       ; aluofwb                                      ;
; Family                      ; Cyclone                                      ;
; Total logic elements        ; 98                                           ;
; Total pins                  ; 31                                           ;
; Total virtual pins          ; 0                                            ;
; Total memory bits           ; 0                                            ;
; Total PLLs                  ; 0                                            ;
+-----------------------------+----------------------------------------------+


+--------------------------------------------------------------------------------------------------------+
; Analysis & Synthesis Settings                                                                          ;
+--------------------------------------------------------------+--------------------+--------------------+
; Option                                                       ; Setting            ; Default Value      ;
+--------------------------------------------------------------+--------------------+--------------------+
; Device                                                       ; EP1C6Q240C8        ;                    ;
; Top-level entity name                                        ; aluofwb            ; aluofwb            ;
; Family name                                                  ; Cyclone            ; Stratix II         ;
; Use Generated Physical Constraints File                      ; Off                ;                    ;
; Use smart compilation                                        ; Off                ; Off                ;
; Restructure Multiplexers                                     ; Auto               ; Auto               ;
; Create Debugging Nodes for IP Cores                          ; Off                ; Off                ;
; Preserve fewer node names                                    ; On                 ; On                 ;
; Disable OpenCore Plus hardware evaluation                    ; Off                ; Off                ;
; Verilog Version                                              ; Verilog_2001       ; Verilog_2001       ;
; VHDL Version                                                 ; VHDL93             ; VHDL93             ;
; State Machine Processing                                     ; Auto               ; Auto               ;
; Safe State Machine                                           ; Off                ; Off                ;
; Extract Verilog State Machines                               ; On                 ; On                 ;
; Extract VHDL State Machines                                  ; On                 ; On                 ;
; Ignore Verilog initial constructs                            ; Off                ; Off                ;
; Iteration limit for constant Verilog loops                   ; 5000               ; 5000               ;
; Iteration limit for non-constant Verilog loops               ; 250                ; 250                ;
; Add Pass-Through Logic to Inferred RAMs                      ; On                 ; On                 ;
; Parallel Synthesis                                           ; Off                ; Off                ;
; NOT Gate Push-Back                                           ; On                 ; On                 ;
; Power-Up Don't Care                                          ; On                 ; On                 ;
; Remove Redundant Logic Cells                                 ; Off                ; Off                ;
; Remove Duplicate Registers                                   ; On                 ; On                 ;
; Ignore CARRY Buffers                                         ; Off                ; Off                ;
; Ignore CASCADE Buffers                                       ; Off                ; Off                ;
; Ignore GLOBAL Buffers                                        ; Off                ; Off                ;
; Ignore ROW GLOBAL Buffers                                    ; Off                ; Off                ;
; Ignore LCELL Buffers                                         ; Off                ; Off                ;
; Ignore SOFT Buffers                                          ; On                 ; On                 ;
; Limit AHDL Integers to 32 Bits                               ; Off                ; Off                ;
; Optimization Technique                                       ; Balanced           ; Balanced           ;
; Carry Chain Length                                           ; 70                 ; 70                 ;
; Auto Carry Chains                                            ; On                 ; On                 ;
; Auto Open-Drain Pins                                         ; On                 ; On                 ;
; Perform WYSIWYG Primitive Resynthesis                        ; Off                ; Off                ;
; Auto ROM Replacement                                         ; On                 ; On                 ;
; Auto RAM Replacement                                         ; On                 ; On                 ;
; Auto Shift Register Replacement                              ; Auto               ; Auto               ;
; Auto Clock Enable Replacement                                ; On                 ; On                 ;
; Strict RAM Replacement                                       ; Off                ; Off                ;
; Allow Synchronous Control Signals                            ; On                 ; On                 ;
; Force Use of Synchronous Clear Signals                       ; Off                ; Off                ;
; Auto RAM Block Balancing                                     ; On                 ; On                 ;
; Auto RAM to Logic Cell Conversion                            ; Off                ; Off                ;
; Auto Resource Sharing                                        ; Off                ; Off                ;
; Allow Any RAM Size For Recognition                           ; Off                ; Off                ;
; Allow Any ROM Size For Recognition                           ; Off                ; Off                ;
; Allow Any Shift Register Size For Recognition                ; Off                ; Off                ;
; Use LogicLock Constraints during Resource Balancing          ; On                 ; On                 ;
; Ignore translate_off and synthesis_off directives            ; Off                ; Off                ;
; Show Parameter Settings Tables in Synthesis Report           ; On                 ; On                 ;
; Ignore Maximum Fan-Out Assignments                           ; Off                ; Off                ;
; Synchronization Register Chain Length                        ; 2                  ; 2                  ;
; PowerPlay Power Optimization                                 ; Normal compilation ; Normal compilation ;
; HDL message level                                            ; Level2             ; Level2             ;
; Suppress Register Optimization Related Messages              ; Off                ; Off                ;
; Number of Removed Registers Reported in Synthesis Report     ; 100                ; 100                ;
; Number of Inverted Registers Reported in Synthesis Report    ; 100                ; 100                ;
; Clock MUX Protection                                         ; On                 ; On                 ;
; Block Design Naming                                          ; Auto               ; Auto               ;
; Synthesis Effort                                             ; Auto               ; Auto               ;
; Shift Register Replacement - Allow Asynchronous Clear Signal ; On                 ; On                 ;
; Analysis & Synthesis Message Level                           ; Medium             ; Medium             ;
+--------------------------------------------------------------+--------------------+--------------------+


+----------------------------------------------------------------------------------------------------------------------+
; Analysis & Synthesis Source Files Read                                                                               ;
+----------------------------------+-----------------+-----------------+-----------------------------------------------+
; File Name with User-Entered Path ; Used in Netlist ; File Type       ; File Name with Absolute Path                  ;
+----------------------------------+-----------------+-----------------+-----------------------------------------------+
; aluofwb.vhd                      ; yes             ; User VHDL File  ; C:/Users/Íõ²©/Desktop/cpu/aluofwb/aluofwb.vhd ;
+----------------------------------+-----------------+-----------------+-----------------------------------------------+


+-----------------------------------------------------+
; Analysis & Synthesis Resource Usage Summary         ;
+---------------------------------------------+-------+
; Resource                                    ; Usage ;
+---------------------------------------------+-------+
; Total logic elements                        ; 98    ;
;     -- Combinational with no register       ; 98    ;
;     -- Register only                        ; 0     ;
;     -- Combinational with a register        ; 0     ;
;                                             ;       ;
; Logic element usage by number of LUT inputs ;       ;
;     -- 4 input functions                    ; 34    ;
;     -- 3 input functions                    ; 58    ;
;     -- 2 input functions                    ; 5     ;
;     -- 1 input functions                    ; 1     ;
;     -- 0 input functions                    ; 0     ;
;                                             ;       ;
; Logic elements by mode                      ;       ;
;     -- normal mode                          ; 75    ;
;     -- arithmetic mode                      ; 23    ;
;     -- qfbk mode                            ; 0     ;
;     -- register cascade mode                ; 0     ;
;     -- synchronous clear/load mode          ; 0     ;
;     -- asynchronous clear/load mode         ; 0     ;
;                                             ;       ;
; Total registers                             ; 0     ;
; Total logic cells in carry chains           ; 26    ;
; I/O pins                                    ; 31    ;
; Maximum fan-out node                        ; c~2   ;
; Maximum fan-out                             ; 35    ;
; Total fan-out                               ; 331   ;
; Average fan-out                             ; 2.57  ;
+---------------------------------------------+-------+


+-----------------------------------------------------------------------------------------------------------------------------------------------------------------------------------------------------------------------+
; Analysis & Synthesis Resource Utilization by Entity                                                                                                                                                                   ;
+----------------------------+-------------+--------------+-------------+------+--------------+--------------+-------------------+------------------+-----------------+------------+---------------------+--------------+
; Compilation Hierarchy Node ; Logic Cells ; LC Registers ; Memory Bits ; Pins ; Virtual Pins ; LUT-Only LCs ; Register-Only LCs ; LUT/Register LCs ; Carry Chain LCs ; Packed LCs ; Full Hierarchy Name ; Library Name ;
+----------------------------+-------------+--------------+-------------+------+--------------+--------------+-------------------+------------------+-----------------+------------+---------------------+--------------+
; |aluofwb                   ; 98 (98)     ; 0            ; 0           ; 31   ; 0            ; 98 (98)      ; 0 (0)             ; 0 (0)            ; 26 (26)         ; 0 (0)      ; |aluofwb            ; work         ;
+----------------------------+-------------+--------------+-------------+------+--------------+--------------+-------------------+------------------+-----------------+------------+---------------------+--------------+
Note: For table entries with two numbers listed, the numbers in parentheses indicate the number of resources of the given type used by the specific entity alone. The numbers listed outside of parentheses indicate the total resources of the given type used by the specific entity and all of its sub-entities in the hierarchy.


+----------------------------------------------------------------------------------------------------+
; User-Specified and Inferred Latches                                                                ;
+-----------------------------------------------------+---------------------+------------------------+
; Latch Name                                          ; Latch Enable Signal ; Free of Timing Hazards ;
+-----------------------------------------------------+---------------------+------------------------+
; k3[8]                                               ; k2[5]~0             ; yes                    ;
; k1[7]                                               ; k2[5]~0             ; yes                    ;
; k2[7]                                               ; k2[5]~0             ; yes                    ;
; k2[6]                                               ; k2[5]~0             ; yes                    ;
; k1[6]                                               ; k2[5]~0             ; yes                    ;
; k1[5]                                               ; k2[5]~0             ; yes                    ;
; k2[5]                                               ; k2[5]~0             ; yes                    ;
; k1[4]                                               ; k2[5]~0             ; yes                    ;
; k2[4]                                               ; k2[5]~0             ; yes                    ;
; k1[3]                                               ; k2[5]~0             ; yes                    ;
; k2[3]                                               ; k2[5]~0             ; yes                    ;
; k1[2]                                               ; k2[5]~0             ; yes                    ;
; k2[2]                                               ; k2[5]~0             ; yes                    ;
; k1[1]                                               ; k2[5]~0             ; yes                    ;
; k2[1]                                               ; k2[5]~0             ; yes                    ;
; k1[0]                                               ; k2[5]~0             ; yes                    ;
; k2[0]                                               ; k2[5]~0             ; yes                    ;
; Number of user-specified and inferred latches = 17  ;                     ;                        ;
+-----------------------------------------------------+---------------------+------------------------+
Note: All latches listed above may not be present at the end of synthesis due to various synthesis optimizations.


+------------------------------------------------------+
; General Register Statistics                          ;
+----------------------------------------------+-------+
; Statistic                                    ; Value ;
+----------------------------------------------+-------+
; Total registers                              ; 0     ;
; Number of registers using Synchronous Clear  ; 0     ;
; Number of registers using Synchronous Load   ; 0     ;
; Number of registers using Asynchronous Clear ; 0     ;
; Number of registers using Asynchronous Load  ; 0     ;
; Number of registers using Clock Enable       ; 0     ;
; Number of registers using Preset             ; 0     ;
+----------------------------------------------+-------+


+------------------------------------------------------------------------------------------------------------------------------------------+
; Multiplexer Restructuring Statistics (Restructuring Performed)                                                                           ;
+--------------------+-----------+---------------+----------------------+------------------------+------------+----------------------------+
; Multiplexer Inputs ; Bus Width ; Baseline Area ; Area if Restructured ; Saving if Restructured ; Registered ; Example Multiplexer Output ;
+--------------------+-----------+---------------+----------------------+------------------------+------------+----------------------------+
; 3:1                ; 8 bits    ; 16 LEs        ; 8 LEs                ; 8 LEs                  ; No         ; |aluofwb|Add1              ;
; 3:1                ; 8 bits    ; 16 LEs        ; 8 LEs                ; 8 LEs                  ; No         ; |aluofwb|Add1              ;
; 6:1                ; 8 bits    ; 32 LEs        ; 24 LEs               ; 8 LEs                  ; No         ; |aluofwb|alu_out~55        ;
+--------------------+-----------+---------------+----------------------+------------------------+------------+----------------------------+


+-------------------------------+
; Analysis & Synthesis Messages ;
+-------------------------------+
Info: *******************************************************************
Info: Running Quartus II Analysis & Synthesis
    Info: Version 9.0 Build 184 04/29/2009 Service Pack 1 SJ Web Edition
    Info: Processing started: Fri Jan 05 15:07:57 2018
Info: Command: quartus_map --read_settings_files=on --write_settings_files=off aluofwb -c aluofwb
Info: Found 2 design units, including 1 entities, in source file aluofwb.vhd
    Info: Found design unit 1: aluofwb-description
    Info: Found entity 1: aluofwb
Info: Elaborating entity "aluofwb" for the top level hierarchy
Warning (10492): VHDL Process Statement warning at aluofwb.vhd(23): signal "s" is read inside the Process Statement but isn't in the Process Statement's sensitivity list
Warning (10492): VHDL Process Statement warning at aluofwb.vhd(26): signal "s" is read inside the Process Statement but isn't in the Process Statement's sensitivity list
Warning (10492): VHDL Process Statement warning at aluofwb.vhd(29): signal "k1" is read inside the Process Statement but isn't in the Process Statement's sensitivity list
Warning (10492): VHDL Process Statement warning at aluofwb.vhd(29): signal "k2" is read inside the Process Statement but isn't in the Process Statement's sensitivity list
Warning (10492): VHDL Process Statement warning at aluofwb.vhd(30): signal "k3" is read inside the Process Statement but isn't in the Process Statement's sensitivity list
Warning (10492): VHDL Process Statement warning at aluofwb.vhd(32): signal "s" is read inside the Process Statement but isn't in the Process Statement's sensitivity list
Warning (10492): VHDL Process Statement warning at aluofwb.vhd(41): signal "s" is read inside the Process Statement but isn't in the Process Statement's sensitivity list
Warning (10492): VHDL Process Statement warning at aluofwb.vhd(44): signal "s" is read inside the Process Statement but isn't in the Process Statement's sensitivity list
Warning (10631): VHDL Process Statement warning at aluofwb.vhd(16): inferring latch(es) for signal or variable "k1", which holds its previous value in one or more paths through the process
Warning (10631): VHDL Process Statement warning at aluofwb.vhd(16): inferring latch(es) for signal or variable "k2", which holds its previous value in one or more paths through the process
Warning (10631): VHDL Process Statement warning at aluofwb.vhd(16): inferring latch(es) for signal or variable "k3", which holds its previous value in one or more paths through the process
Info (10041): Inferred latch for "k3[8]" at aluofwb.vhd(16)
Info (10041): Inferred latch for "k2[0]" at aluofwb.vhd(16)
Info (10041): Inferred latch for "k2[1]" at aluofwb.vhd(16)
Info (10041): Inferred latch for "k2[2]" at aluofwb.vhd(16)
Info (10041): Inferred latch for "k2[3]" at aluofwb.vhd(16)
Info (10041): Inferred latch for "k2[4]" at aluofwb.vhd(16)
Info (10041): Inferred latch for "k2[5]" at aluofwb.vhd(16)
Info (10041): Inferred latch for "k2[6]" at aluofwb.vhd(16)
Info (10041): Inferred latch for "k2[7]" at aluofwb.vhd(16)
Info (10041): Inferred latch for "k2[8]" at aluofwb.vhd(16)
Info (10041): Inferred latch for "k1[0]" at aluofwb.vhd(16)
Info (10041): Inferred latch for "k1[1]" at aluofwb.vhd(16)
Info (10041): Inferred latch for "k1[2]" at aluofwb.vhd(16)
Info (10041): Inferred latch for "k1[3]" at aluofwb.vhd(16)
Info (10041): Inferred latch for "k1[4]" at aluofwb.vhd(16)
Info (10041): Inferred latch for "k1[5]" at aluofwb.vhd(16)
Info (10041): Inferred latch for "k1[6]" at aluofwb.vhd(16)
Info (10041): Inferred latch for "k1[7]" at aluofwb.vhd(16)
Info (10041): Inferred latch for "k1[8]" at aluofwb.vhd(16)
Info: Implemented 129 device resources after synthesis - the final resource count might be different
    Info: Implemented 21 input pins
    Info: Implemented 10 output pins
    Info: Implemented 98 logic cells
Info: Quartus II Analysis & Synthesis was successful. 0 errors, 11 warnings
    Info: Peak virtual memory: 259 megabytes
    Info: Processing ended: Fri Jan 05 15:07:58 2018
    Info: Elapsed time: 00:00:01
    Info: Total CPU time (on all processors): 00:00:01


