Classic Timing Analyzer report for CPU_JSQ
Sat May 20 12:57:01 2017
Quartus II Version 9.0 Build 184 04/29/2009 Service Pack 1 SJ Web Edition


---------------------
; Table of Contents ;
---------------------
  1. Legal Notice
  2. Timing Analyzer Summary
  3. Timing Analyzer Settings
  4. Clock Settings Summary
  5. Parallel Compilation
  6. Clock Setup: 'clk'
  7. tsu
  8. tco
  9. th
 10. Timing Analyzer Messages



----------------
; Legal Notice ;
----------------
Copyright (C) 1991-2009 Altera Corporation
Your use of Altera Corporation's design tools, logic functions 
and other software and tools, and its AMPP partner logic 
functions, and any output files from any of the foregoing 
(including device programming or simulation files), and any 
associated documentation or information are expressly subject 
to the terms and conditions of the Altera Program License 
Subscription Agreement, Altera MegaCore Function License 
Agreement, or other applicable license agreement, including, 
without limitation, that your use is for the sole purpose of 
programming logic devices manufactured by Altera and sold by 
Altera or its authorized distributors.  Please refer to the 
applicable agreement for further details.



+--------------------------------------------------------------------------------------------------------------------------------------------------------------+
; Timing Analyzer Summary                                                                                                                                      ;
+------------------------------+-------+---------------+------------------------------------------------+-------+-------+------------+----------+--------------+
; Type                         ; Slack ; Required Time ; Actual Time                                    ; From  ; To    ; From Clock ; To Clock ; Failed Paths ;
+------------------------------+-------+---------------+------------------------------------------------+-------+-------+------------+----------+--------------+
; Worst-case tsu               ; N/A   ; None          ; 4.901 ns                                       ; cin   ; iq[2] ; --         ; clk      ; 0            ;
; Worst-case tco               ; N/A   ; None          ; 7.545 ns                                       ; iq[2] ; q[2]  ; clk        ; --       ; 0            ;
; Worst-case th                ; N/A   ; None          ; 0.338 ns                                       ; clr   ; iq[0] ; --         ; clk      ; 0            ;
; Clock Setup: 'clk'           ; N/A   ; None          ; Restricted to 340.02 MHz ( period = 2.941 ns ) ; iq[0] ; iq[2] ; clk        ; clk      ; 0            ;
; Total number of failed paths ;       ;               ;                                                ;       ;       ;            ;          ; 0            ;
+------------------------------+-------+---------------+------------------------------------------------+-------+-------+------------+----------+--------------+


+--------------------------------------------------------------------------------------------------------------------+
; Timing Analyzer Settings                                                                                           ;
+---------------------------------------------------------------------+--------------------+------+----+-------------+
; Option                                                              ; Setting            ; From ; To ; Entity Name ;
+---------------------------------------------------------------------+--------------------+------+----+-------------+
; Device Name                                                         ; EP2C5T144C8        ;      ;    ;             ;
; Timing Models                                                       ; Final              ;      ;    ;             ;
; Default hold multicycle                                             ; Same as Multicycle ;      ;    ;             ;
; Cut paths between unrelated clock domains                           ; On                 ;      ;    ;             ;
; Cut off read during write signal paths                              ; On                 ;      ;    ;             ;
; Cut off feedback from I/O pins                                      ; On                 ;      ;    ;             ;
; Report Combined Fast/Slow Timing                                    ; Off                ;      ;    ;             ;
; Ignore Clock Settings                                               ; Off                ;      ;    ;             ;
; Analyze latches as synchronous elements                             ; On                 ;      ;    ;             ;
; Enable Recovery/Removal analysis                                    ; Off                ;      ;    ;             ;
; Enable Clock Latency                                                ; Off                ;      ;    ;             ;
; Use TimeQuest Timing Analyzer                                       ; Off                ;      ;    ;             ;
; Minimum Core Junction Temperature                                   ; 0                  ;      ;    ;             ;
; Maximum Core Junction Temperature                                   ; 85                 ;      ;    ;             ;
; Number of source nodes to report per destination node               ; 10                 ;      ;    ;             ;
; Number of destination nodes to report                               ; 10                 ;      ;    ;             ;
; Number of paths to report                                           ; 200                ;      ;    ;             ;
; Report Minimum Timing Checks                                        ; Off                ;      ;    ;             ;
; Use Fast Timing Models                                              ; Off                ;      ;    ;             ;
; Report IO Paths Separately                                          ; Off                ;      ;    ;             ;
; Perform Multicorner Analysis                                        ; On                 ;      ;    ;             ;
; Reports the worst-case path for each clock domain and analysis      ; Off                ;      ;    ;             ;
; Removes common clock path pessimism (CCPP) during slack computation ; Off                ;      ;    ;             ;
; Output I/O Timing Endpoint                                          ; Near End           ;      ;    ;             ;
+---------------------------------------------------------------------+--------------------+------+----+-------------+


+------------------------------------------------------------------------------------------------------------------------------------------------------------------------------------+
; Clock Settings Summary                                                                                                                                                             ;
+-----------------+--------------------+----------+------------------+---------------+--------------+----------+-----------------------+---------------------+--------+--------------+
; Clock Node Name ; Clock Setting Name ; Type     ; Fmax Requirement ; Early Latency ; Late Latency ; Based on ; Multiply Base Fmax by ; Divide Base Fmax by ; Offset ; Phase offset ;
+-----------------+--------------------+----------+------------------+---------------+--------------+----------+-----------------------+---------------------+--------+--------------+
; clk             ;                    ; User Pin ; None             ; 0.000 ns      ; 0.000 ns     ; --       ; N/A                   ; N/A                 ; N/A    ;              ;
+-----------------+--------------------+----------+------------------+---------------+--------------+----------+-----------------------+---------------------+--------+--------------+


Parallel compilation was disabled, but you have multiple processors available. Enable parallel compilation to reduce compilation time.
+-------------------------------------+
; Parallel Compilation                ;
+----------------------------+--------+
; Processors                 ; Number ;
+----------------------------+--------+
; Number detected on machine ; 2      ;
; Maximum allowed            ; 1      ;
+----------------------------+--------+


+------------------------------------------------------------------------------------------------------------------------------------------------------------------------------------+
; Clock Setup: 'clk'                                                                                                                                                                 ;
+-------+------------------------------------------------+-------+-------+------------+----------+-----------------------------+---------------------------+-------------------------+
; Slack ; Actual fmax (period)                           ; From  ; To    ; From Clock ; To Clock ; Required Setup Relationship ; Required Longest P2P Time ; Actual Longest P2P Time ;
+-------+------------------------------------------------+-------+-------+------------+----------+-----------------------------+---------------------------+-------------------------+
; N/A   ; Restricted to 340.02 MHz ( period = 2.941 ns ) ; iq[0] ; iq[2] ; clk        ; clk      ; None                        ; None                      ; 1.328 ns                ;
; N/A   ; Restricted to 340.02 MHz ( period = 2.941 ns ) ; iq[1] ; iq[2] ; clk        ; clk      ; None                        ; None                      ; 1.169 ns                ;
; N/A   ; Restricted to 340.02 MHz ( period = 2.941 ns ) ; iq[0] ; iq[1] ; clk        ; clk      ; None                        ; None                      ; 0.764 ns                ;
; N/A   ; Restricted to 340.02 MHz ( period = 2.941 ns ) ; iq[0] ; iq[0] ; clk        ; clk      ; None                        ; None                      ; 0.501 ns                ;
; N/A   ; Restricted to 340.02 MHz ( period = 2.941 ns ) ; iq[1] ; iq[1] ; clk        ; clk      ; None                        ; None                      ; 0.501 ns                ;
; N/A   ; Restricted to 340.02 MHz ( period = 2.941 ns ) ; iq[2] ; iq[2] ; clk        ; clk      ; None                        ; None                      ; 0.501 ns                ;
+-------+------------------------------------------------+-------+-------+------------+----------+-----------------------------+---------------------------+-------------------------+


+-------------------------------------------------------------+
; tsu                                                         ;
+-------+--------------+------------+------+-------+----------+
; Slack ; Required tsu ; Actual tsu ; From ; To    ; To Clock ;
+-------+--------------+------------+------+-------+----------+
; N/A   ; None         ; 4.901 ns   ; cin  ; iq[2] ; clk      ;
; N/A   ; None         ; 4.590 ns   ; cin  ; iq[0] ; clk      ;
; N/A   ; None         ; 4.585 ns   ; cin  ; iq[1] ; clk      ;
; N/A   ; None         ; 0.665 ns   ; clr  ; iq[2] ; clk      ;
; N/A   ; None         ; 0.664 ns   ; clr  ; iq[1] ; clk      ;
; N/A   ; None         ; -0.072 ns  ; clr  ; iq[0] ; clk      ;
+-------+--------------+------------+------+-------+----------+


+---------------------------------------------------------------+
; tco                                                           ;
+-------+--------------+------------+-------+------+------------+
; Slack ; Required tco ; Actual tco ; From  ; To   ; From Clock ;
+-------+--------------+------------+-------+------+------------+
; N/A   ; None         ; 7.545 ns   ; iq[2] ; q[2] ; clk        ;
; N/A   ; None         ; 6.825 ns   ; iq[0] ; q[0] ; clk        ;
; N/A   ; None         ; 6.824 ns   ; iq[1] ; q[1] ; clk        ;
+-------+--------------+------------+-------+------+------------+


+-------------------------------------------------------------------+
; th                                                                ;
+---------------+-------------+-----------+------+-------+----------+
; Minimum Slack ; Required th ; Actual th ; From ; To    ; To Clock ;
+---------------+-------------+-----------+------+-------+----------+
; N/A           ; None        ; 0.338 ns  ; clr  ; iq[0] ; clk      ;
; N/A           ; None        ; -0.398 ns ; clr  ; iq[1] ; clk      ;
; N/A           ; None        ; -0.399 ns ; clr  ; iq[2] ; clk      ;
; N/A           ; None        ; -4.319 ns ; cin  ; iq[1] ; clk      ;
; N/A           ; None        ; -4.324 ns ; cin  ; iq[0] ; clk      ;
; N/A           ; None        ; -4.635 ns ; cin  ; iq[2] ; clk      ;
+---------------+-------------+-----------+------+-------+----------+


+--------------------------+
; Timing Analyzer Messages ;
+--------------------------+
Info: *******************************************************************
Info: Running Quartus II Classic Timing Analyzer
    Info: Version 9.0 Build 184 04/29/2009 Service Pack 1 SJ Web Edition
    Info: Processing started: Sat May 20 12:57:01 2017
Info: Command: quartus_tan --read_settings_files=off --write_settings_files=off CPU_JSQ -c CPU_JSQ --timing_analysis_only
Warning: Found pins functioning as undefined clocks and/or memory enables
    Info: Assuming node "clk" is an undefined clock
Info: Clock "clk" Internal fmax is restricted to 340.02 MHz between source register "iq[0]" and destination register "iq[2]"
    Info: fmax restricted to clock pin edge rate 2.941 ns. Expand message to see actual delay path.
        Info: + Longest register to register delay is 1.328 ns
            Info: 1: + IC(0.000 ns) + CELL(0.000 ns) = 0.000 ns; Loc. = LCFF_X1_Y11_N1; Fanout = 4; REG Node = 'iq[0]'
            Info: 2: + IC(0.449 ns) + CELL(0.206 ns) = 0.655 ns; Loc. = LCCOMB_X1_Y11_N30; Fanout = 1; COMB Node = 'Add0~0'
            Info: 3: + IC(0.359 ns) + CELL(0.206 ns) = 1.220 ns; Loc. = LCCOMB_X1_Y11_N12; Fanout = 1; COMB Node = 'iq~12'
            Info: 4: + IC(0.000 ns) + CELL(0.108 ns) = 1.328 ns; Loc. = LCFF_X1_Y11_N13; Fanout = 2; REG Node = 'iq[2]'
            Info: Total cell delay = 0.520 ns ( 39.16 % )
            Info: Total interconnect delay = 0.808 ns ( 60.84 % )
        Info: - Smallest clock skew is 0.000 ns
            Info: + Shortest clock path from clock "clk" to destination register is 2.750 ns
                Info: 1: + IC(0.000 ns) + CELL(1.100 ns) = 1.100 ns; Loc. = PIN_17; Fanout = 1; CLK Node = 'clk'
                Info: 2: + IC(0.143 ns) + CELL(0.000 ns) = 1.243 ns; Loc. = CLKCTRL_G2; Fanout = 3; COMB Node = 'clk~clkctrl'
                Info: 3: + IC(0.841 ns) + CELL(0.666 ns) = 2.750 ns; Loc. = LCFF_X1_Y11_N13; Fanout = 2; REG Node = 'iq[2]'
                Info: Total cell delay = 1.766 ns ( 64.22 % )
                Info: Total interconnect delay = 0.984 ns ( 35.78 % )
            Info: - Longest clock path from clock "clk" to source register is 2.750 ns
                Info: 1: + IC(0.000 ns) + CELL(1.100 ns) = 1.100 ns; Loc. = PIN_17; Fanout = 1; CLK Node = 'clk'
                Info: 2: + IC(0.143 ns) + CELL(0.000 ns) = 1.243 ns; Loc. = CLKCTRL_G2; Fanout = 3; COMB Node = 'clk~clkctrl'
                Info: 3: + IC(0.841 ns) + CELL(0.666 ns) = 2.750 ns; Loc. = LCFF_X1_Y11_N1; Fanout = 4; REG Node = 'iq[0]'
                Info: Total cell delay = 1.766 ns ( 64.22 % )
                Info: Total interconnect delay = 0.984 ns ( 35.78 % )
        Info: + Micro clock to output delay of source is 0.304 ns
        Info: + Micro setup delay of destination is -0.040 ns
Info: tsu for register "iq[2]" (data pin = "cin", clock pin = "clk") is 4.901 ns
    Info: + Longest pin to register delay is 7.691 ns
        Info: 1: + IC(0.000 ns) + CELL(0.955 ns) = 0.955 ns; Loc. = PIN_4; Fanout = 3; PIN Node = 'cin'
        Info: 2: + IC(5.697 ns) + CELL(0.366 ns) = 7.018 ns; Loc. = LCCOMB_X1_Y11_N30; Fanout = 1; COMB Node = 'Add0~0'
        Info: 3: + IC(0.359 ns) + CELL(0.206 ns) = 7.583 ns; Loc. = LCCOMB_X1_Y11_N12; Fanout = 1; COMB Node = 'iq~12'
        Info: 4: + IC(0.000 ns) + CELL(0.108 ns) = 7.691 ns; Loc. = LCFF_X1_Y11_N13; Fanout = 2; REG Node = 'iq[2]'
        Info: Total cell delay = 1.635 ns ( 21.26 % )
        Info: Total interconnect delay = 6.056 ns ( 78.74 % )
    Info: + Micro setup delay of destination is -0.040 ns
    Info: - Shortest clock path from clock "clk" to destination register is 2.750 ns
        Info: 1: + IC(0.000 ns) + CELL(1.100 ns) = 1.100 ns; Loc. = PIN_17; Fanout = 1; CLK Node = 'clk'
        Info: 2: + IC(0.143 ns) + CELL(0.000 ns) = 1.243 ns; Loc. = CLKCTRL_G2; Fanout = 3; COMB Node = 'clk~clkctrl'
        Info: 3: + IC(0.841 ns) + CELL(0.666 ns) = 2.750 ns; Loc. = LCFF_X1_Y11_N13; Fanout = 2; REG Node = 'iq[2]'
        Info: Total cell delay = 1.766 ns ( 64.22 % )
        Info: Total interconnect delay = 0.984 ns ( 35.78 % )
Info: tco from clock "clk" to destination pin "q[2]" through register "iq[2]" is 7.545 ns
    Info: + Longest clock path from clock "clk" to source register is 2.750 ns
        Info: 1: + IC(0.000 ns) + CELL(1.100 ns) = 1.100 ns; Loc. = PIN_17; Fanout = 1; CLK Node = 'clk'
        Info: 2: + IC(0.143 ns) + CELL(0.000 ns) = 1.243 ns; Loc. = CLKCTRL_G2; Fanout = 3; COMB Node = 'clk~clkctrl'
        Info: 3: + IC(0.841 ns) + CELL(0.666 ns) = 2.750 ns; Loc. = LCFF_X1_Y11_N13; Fanout = 2; REG Node = 'iq[2]'
        Info: Total cell delay = 1.766 ns ( 64.22 % )
        Info: Total interconnect delay = 0.984 ns ( 35.78 % )
    Info: + Micro clock to output delay of source is 0.304 ns
    Info: + Longest register to pin delay is 4.491 ns
        Info: 1: + IC(0.000 ns) + CELL(0.000 ns) = 0.000 ns; Loc. = LCFF_X1_Y11_N13; Fanout = 2; REG Node = 'iq[2]'
        Info: 2: + IC(1.425 ns) + CELL(3.066 ns) = 4.491 ns; Loc. = PIN_26; Fanout = 0; PIN Node = 'q[2]'
        Info: Total cell delay = 3.066 ns ( 68.27 % )
        Info: Total interconnect delay = 1.425 ns ( 31.73 % )
Info: th for register "iq[0]" (data pin = "clr", clock pin = "clk") is 0.338 ns
    Info: + Longest clock path from clock "clk" to destination register is 2.750 ns
        Info: 1: + IC(0.000 ns) + CELL(1.100 ns) = 1.100 ns; Loc. = PIN_17; Fanout = 1; CLK Node = 'clk'
        Info: 2: + IC(0.143 ns) + CELL(0.000 ns) = 1.243 ns; Loc. = CLKCTRL_G2; Fanout = 3; COMB Node = 'clk~clkctrl'
        Info: 3: + IC(0.841 ns) + CELL(0.666 ns) = 2.750 ns; Loc. = LCFF_X1_Y11_N1; Fanout = 4; REG Node = 'iq[0]'
        Info: Total cell delay = 1.766 ns ( 64.22 % )
        Info: Total interconnect delay = 0.984 ns ( 35.78 % )
    Info: + Micro hold delay of destination is 0.306 ns
    Info: - Shortest pin to register delay is 2.718 ns
        Info: 1: + IC(0.000 ns) + CELL(1.090 ns) = 1.090 ns; Loc. = PIN_18; Fanout = 3; PIN Node = 'clr'
        Info: 2: + IC(1.318 ns) + CELL(0.202 ns) = 2.610 ns; Loc. = LCCOMB_X1_Y11_N0; Fanout = 1; COMB Node = 'iq~11'
        Info: 3: + IC(0.000 ns) + CELL(0.108 ns) = 2.718 ns; Loc. = LCFF_X1_Y11_N1; Fanout = 4; REG Node = 'iq[0]'
        Info: Total cell delay = 1.400 ns ( 51.51 % )
        Info: Total interconnect delay = 1.318 ns ( 48.49 % )
Info: Quartus II Classic Timing Analyzer was successful. 0 errors, 1 warning
    Info: Peak virtual memory: 184 megabytes
    Info: Processing ended: Sat May 20 12:57:01 2017
    Info: Elapsed time: 00:00:00
    Info: Total CPU time (on all processors): 00:00:00


