Classic Timing Analyzer report for pcofwb
Sun Dec 31 22:00:19 2017
Quartus II Version 9.0 Build 184 04/29/2009 Service Pack 1 SJ Web Edition


---------------------
; Table of Contents ;
---------------------
  1. Legal Notice
  2. Timing Analyzer Summary
  3. Timing Analyzer Settings
  4. Clock Settings Summary
  5. Parallel Compilation
  6. Clock Setup: 'clk'
  7. tsu
  8. tco
  9. th
 10. Timing Analyzer Messages



----------------
; Legal Notice ;
----------------
Copyright (C) 1991-2009 Altera Corporation
Your use of Altera Corporation's design tools, logic functions 
and other software and tools, and its AMPP partner logic 
functions, and any output files from any of the foregoing 
(including device programming or simulation files), and any 
associated documentation or information are expressly subject 
to the terms and conditions of the Altera Program License 
Subscription Agreement, Altera MegaCore Function License 
Agreement, or other applicable license agreement, including, 
without limitation, that your use is for the sole purpose of 
programming logic devices manufactured by Altera and sold by 
Altera or its authorized distributors.  Please refer to the 
applicable agreement for further details.



+--------------------------------------------------------------------------------------------------------------------------------------------------------------------+
; Timing Analyzer Summary                                                                                                                                            ;
+------------------------------+-------+---------------+------------------------------------------------+---------+-----------+------------+----------+--------------+
; Type                         ; Slack ; Required Time ; Actual Time                                    ; From    ; To        ; From Clock ; To Clock ; Failed Paths ;
+------------------------------+-------+---------------+------------------------------------------------+---------+-----------+------------+----------+--------------+
; Worst-case tsu               ; N/A   ; None          ; 6.370 ns                                       ; bus1[4] ; pc[4]     ; --         ; clk      ; 0            ;
; Worst-case tco               ; N/A   ; None          ; 9.486 ns                                       ; pc[6]   ; pc_out[6] ; clk        ; --       ; 0            ;
; Worst-case th                ; N/A   ; None          ; -3.649 ns                                      ; bus1[2] ; pc[2]     ; --         ; clk      ; 0            ;
; Clock Setup: 'clk'           ; N/A   ; None          ; Restricted to 275.03 MHz ( period = 3.636 ns ) ; pc[1]   ; pc[7]     ; clk        ; clk      ; 0            ;
; Total number of failed paths ;       ;               ;                                                ;         ;           ;            ;          ; 0            ;
+------------------------------+-------+---------------+------------------------------------------------+---------+-----------+------------+----------+--------------+


+--------------------------------------------------------------------------------------------------------------------+
; Timing Analyzer Settings                                                                                           ;
+---------------------------------------------------------------------+--------------------+------+----+-------------+
; Option                                                              ; Setting            ; From ; To ; Entity Name ;
+---------------------------------------------------------------------+--------------------+------+----+-------------+
; Device Name                                                         ; EP1C6Q240C8        ;      ;    ;             ;
; Timing Models                                                       ; Final              ;      ;    ;             ;
; Default hold multicycle                                             ; Same as Multicycle ;      ;    ;             ;
; Cut paths between unrelated clock domains                           ; On                 ;      ;    ;             ;
; Cut off read during write signal paths                              ; On                 ;      ;    ;             ;
; Cut off feedback from I/O pins                                      ; On                 ;      ;    ;             ;
; Report Combined Fast/Slow Timing                                    ; Off                ;      ;    ;             ;
; Ignore Clock Settings                                               ; Off                ;      ;    ;             ;
; Analyze latches as synchronous elements                             ; On                 ;      ;    ;             ;
; Enable Recovery/Removal analysis                                    ; Off                ;      ;    ;             ;
; Enable Clock Latency                                                ; Off                ;      ;    ;             ;
; Use TimeQuest Timing Analyzer                                       ; Off                ;      ;    ;             ;
; Minimum Core Junction Temperature                                   ; 0                  ;      ;    ;             ;
; Maximum Core Junction Temperature                                   ; 85                 ;      ;    ;             ;
; Number of source nodes to report per destination node               ; 10                 ;      ;    ;             ;
; Number of destination nodes to report                               ; 10                 ;      ;    ;             ;
; Number of paths to report                                           ; 200                ;      ;    ;             ;
; Report Minimum Timing Checks                                        ; Off                ;      ;    ;             ;
; Use Fast Timing Models                                              ; Off                ;      ;    ;             ;
; Report IO Paths Separately                                          ; Off                ;      ;    ;             ;
; Perform Multicorner Analysis                                        ; Off                ;      ;    ;             ;
; Reports the worst-case path for each clock domain and analysis      ; Off                ;      ;    ;             ;
; Removes common clock path pessimism (CCPP) during slack computation ; Off                ;      ;    ;             ;
; Output I/O Timing Endpoint                                          ; Near End           ;      ;    ;             ;
+---------------------------------------------------------------------+--------------------+------+----+-------------+


+------------------------------------------------------------------------------------------------------------------------------------------------------------------------------------+
; Clock Settings Summary                                                                                                                                                             ;
+-----------------+--------------------+----------+------------------+---------------+--------------+----------+-----------------------+---------------------+--------+--------------+
; Clock Node Name ; Clock Setting Name ; Type     ; Fmax Requirement ; Early Latency ; Late Latency ; Based on ; Multiply Base Fmax by ; Divide Base Fmax by ; Offset ; Phase offset ;
+-----------------+--------------------+----------+------------------+---------------+--------------+----------+-----------------------+---------------------+--------+--------------+
; clk             ;                    ; User Pin ; None             ; 0.000 ns      ; 0.000 ns     ; --       ; N/A                   ; N/A                 ; N/A    ;              ;
+-----------------+--------------------+----------+------------------+---------------+--------------+----------+-----------------------+---------------------+--------+--------------+


Parallel compilation was disabled, but you have multiple processors available. Enable parallel compilation to reduce compilation time.
+-------------------------------------+
; Parallel Compilation                ;
+----------------------------+--------+
; Processors                 ; Number ;
+----------------------------+--------+
; Number detected on machine ; 2      ;
; Maximum allowed            ; 1      ;
+----------------------------+--------+


+------------------------------------------------------------------------------------------------------------------------------------------------------------------------------------+
; Clock Setup: 'clk'                                                                                                                                                                 ;
+-------+------------------------------------------------+-------+-------+------------+----------+-----------------------------+---------------------------+-------------------------+
; Slack ; Actual fmax (period)                           ; From  ; To    ; From Clock ; To Clock ; Required Setup Relationship ; Required Longest P2P Time ; Actual Longest P2P Time ;
+-------+------------------------------------------------+-------+-------+------------+----------+-----------------------------+---------------------------+-------------------------+
; N/A   ; Restricted to 275.03 MHz ( period = 3.636 ns ) ; pc[1] ; pc[5] ; clk        ; clk      ; None                        ; None                      ; 2.266 ns                ;
; N/A   ; Restricted to 275.03 MHz ( period = 3.636 ns ) ; pc[1] ; pc[6] ; clk        ; clk      ; None                        ; None                      ; 2.266 ns                ;
; N/A   ; Restricted to 275.03 MHz ( period = 3.636 ns ) ; pc[1] ; pc[7] ; clk        ; clk      ; None                        ; None                      ; 2.266 ns                ;
; N/A   ; Restricted to 275.03 MHz ( period = 3.636 ns ) ; pc[2] ; pc[5] ; clk        ; clk      ; None                        ; None                      ; 2.188 ns                ;
; N/A   ; Restricted to 275.03 MHz ( period = 3.636 ns ) ; pc[2] ; pc[6] ; clk        ; clk      ; None                        ; None                      ; 2.188 ns                ;
; N/A   ; Restricted to 275.03 MHz ( period = 3.636 ns ) ; pc[2] ; pc[7] ; clk        ; clk      ; None                        ; None                      ; 2.188 ns                ;
; N/A   ; Restricted to 275.03 MHz ( period = 3.636 ns ) ; pc[0] ; pc[5] ; clk        ; clk      ; None                        ; None                      ; 2.184 ns                ;
; N/A   ; Restricted to 275.03 MHz ( period = 3.636 ns ) ; pc[0] ; pc[6] ; clk        ; clk      ; None                        ; None                      ; 2.184 ns                ;
; N/A   ; Restricted to 275.03 MHz ( period = 3.636 ns ) ; pc[0] ; pc[7] ; clk        ; clk      ; None                        ; None                      ; 2.184 ns                ;
; N/A   ; Restricted to 275.03 MHz ( period = 3.636 ns ) ; pc[1] ; pc[4] ; clk        ; clk      ; None                        ; None                      ; 2.051 ns                ;
; N/A   ; Restricted to 275.03 MHz ( period = 3.636 ns ) ; pc[1] ; pc[3] ; clk        ; clk      ; None                        ; None                      ; 1.971 ns                ;
; N/A   ; Restricted to 275.03 MHz ( period = 3.636 ns ) ; pc[2] ; pc[4] ; clk        ; clk      ; None                        ; None                      ; 1.971 ns                ;
; N/A   ; Restricted to 275.03 MHz ( period = 3.636 ns ) ; pc[0] ; pc[4] ; clk        ; clk      ; None                        ; None                      ; 1.969 ns                ;
; N/A   ; Restricted to 275.03 MHz ( period = 3.636 ns ) ; pc[3] ; pc[5] ; clk        ; clk      ; None                        ; None                      ; 1.953 ns                ;
; N/A   ; Restricted to 275.03 MHz ( period = 3.636 ns ) ; pc[3] ; pc[6] ; clk        ; clk      ; None                        ; None                      ; 1.953 ns                ;
; N/A   ; Restricted to 275.03 MHz ( period = 3.636 ns ) ; pc[3] ; pc[7] ; clk        ; clk      ; None                        ; None                      ; 1.953 ns                ;
; N/A   ; Restricted to 275.03 MHz ( period = 3.636 ns ) ; pc[4] ; pc[5] ; clk        ; clk      ; None                        ; None                      ; 1.927 ns                ;
; N/A   ; Restricted to 275.03 MHz ( period = 3.636 ns ) ; pc[4] ; pc[6] ; clk        ; clk      ; None                        ; None                      ; 1.927 ns                ;
; N/A   ; Restricted to 275.03 MHz ( period = 3.636 ns ) ; pc[4] ; pc[7] ; clk        ; clk      ; None                        ; None                      ; 1.927 ns                ;
; N/A   ; Restricted to 275.03 MHz ( period = 3.636 ns ) ; pc[1] ; pc[2] ; clk        ; clk      ; None                        ; None                      ; 1.891 ns                ;
; N/A   ; Restricted to 275.03 MHz ( period = 3.636 ns ) ; pc[2] ; pc[3] ; clk        ; clk      ; None                        ; None                      ; 1.891 ns                ;
; N/A   ; Restricted to 275.03 MHz ( period = 3.636 ns ) ; pc[6] ; pc[7] ; clk        ; clk      ; None                        ; None                      ; 1.891 ns                ;
; N/A   ; Restricted to 275.03 MHz ( period = 3.636 ns ) ; pc[0] ; pc[3] ; clk        ; clk      ; None                        ; None                      ; 1.889 ns                ;
; N/A   ; Restricted to 275.03 MHz ( period = 3.636 ns ) ; pc[0] ; pc[2] ; clk        ; clk      ; None                        ; None                      ; 1.809 ns                ;
; N/A   ; Restricted to 275.03 MHz ( period = 3.636 ns ) ; pc[5] ; pc[7] ; clk        ; clk      ; None                        ; None                      ; 1.809 ns                ;
; N/A   ; Restricted to 275.03 MHz ( period = 3.636 ns ) ; pc[3] ; pc[4] ; clk        ; clk      ; None                        ; None                      ; 1.732 ns                ;
; N/A   ; Restricted to 275.03 MHz ( period = 3.636 ns ) ; pc[0] ; pc[1] ; clk        ; clk      ; None                        ; None                      ; 1.729 ns                ;
; N/A   ; Restricted to 275.03 MHz ( period = 3.636 ns ) ; pc[5] ; pc[6] ; clk        ; clk      ; None                        ; None                      ; 1.729 ns                ;
; N/A   ; Restricted to 275.03 MHz ( period = 3.636 ns ) ; pc[1] ; pc[1] ; clk        ; clk      ; None                        ; None                      ; 1.267 ns                ;
; N/A   ; Restricted to 275.03 MHz ( period = 3.636 ns ) ; pc[2] ; pc[2] ; clk        ; clk      ; None                        ; None                      ; 1.267 ns                ;
; N/A   ; Restricted to 275.03 MHz ( period = 3.636 ns ) ; pc[6] ; pc[6] ; clk        ; clk      ; None                        ; None                      ; 1.267 ns                ;
; N/A   ; Restricted to 275.03 MHz ( period = 3.636 ns ) ; pc[7] ; pc[7] ; clk        ; clk      ; None                        ; None                      ; 1.266 ns                ;
; N/A   ; Restricted to 275.03 MHz ( period = 3.636 ns ) ; pc[3] ; pc[3] ; clk        ; clk      ; None                        ; None                      ; 1.120 ns                ;
; N/A   ; Restricted to 275.03 MHz ( period = 3.636 ns ) ; pc[0] ; pc[0] ; clk        ; clk      ; None                        ; None                      ; 1.117 ns                ;
; N/A   ; Restricted to 275.03 MHz ( period = 3.636 ns ) ; pc[5] ; pc[5] ; clk        ; clk      ; None                        ; None                      ; 1.117 ns                ;
; N/A   ; Restricted to 275.03 MHz ( period = 3.636 ns ) ; pc[4] ; pc[4] ; clk        ; clk      ; None                        ; None                      ; 1.112 ns                ;
+-------+------------------------------------------------+-------+-------+------------+----------+-----------------------------+---------------------------+-------------------------+


+----------------------------------------------------------------+
; tsu                                                            ;
+-------+--------------+------------+---------+-------+----------+
; Slack ; Required tsu ; Actual tsu ; From    ; To    ; To Clock ;
+-------+--------------+------------+---------+-------+----------+
; N/A   ; None         ; 6.370 ns   ; bus1[4] ; pc[4] ; clk      ;
; N/A   ; None         ; 5.908 ns   ; in_pc   ; pc[0] ; clk      ;
; N/A   ; None         ; 5.908 ns   ; in_pc   ; pc[1] ; clk      ;
; N/A   ; None         ; 5.908 ns   ; in_pc   ; pc[2] ; clk      ;
; N/A   ; None         ; 5.908 ns   ; in_pc   ; pc[3] ; clk      ;
; N/A   ; None         ; 5.908 ns   ; in_pc   ; pc[4] ; clk      ;
; N/A   ; None         ; 5.908 ns   ; in_pc   ; pc[5] ; clk      ;
; N/A   ; None         ; 5.908 ns   ; in_pc   ; pc[6] ; clk      ;
; N/A   ; None         ; 5.908 ns   ; in_pc   ; pc[7] ; clk      ;
; N/A   ; None         ; 5.069 ns   ; bus1[5] ; pc[5] ; clk      ;
; N/A   ; None         ; 5.043 ns   ; bus1[6] ; pc[6] ; clk      ;
; N/A   ; None         ; 4.233 ns   ; bus1[7] ; pc[7] ; clk      ;
; N/A   ; None         ; 4.196 ns   ; bus1[1] ; pc[1] ; clk      ;
; N/A   ; None         ; 4.194 ns   ; bus1[3] ; pc[3] ; clk      ;
; N/A   ; None         ; 3.702 ns   ; bus1[0] ; pc[0] ; clk      ;
; N/A   ; None         ; 3.701 ns   ; bus1[2] ; pc[2] ; clk      ;
+-------+--------------+------------+---------+-------+----------+


+--------------------------------------------------------------------+
; tco                                                                ;
+-------+--------------+------------+-------+-----------+------------+
; Slack ; Required tco ; Actual tco ; From  ; To        ; From Clock ;
+-------+--------------+------------+-------+-----------+------------+
; N/A   ; None         ; 9.486 ns   ; pc[6] ; pc_out[6] ; clk        ;
; N/A   ; None         ; 9.178 ns   ; pc[0] ; pc_out[0] ; clk        ;
; N/A   ; None         ; 7.815 ns   ; pc[3] ; pc_out[3] ; clk        ;
; N/A   ; None         ; 7.750 ns   ; pc[5] ; pc_out[5] ; clk        ;
; N/A   ; None         ; 7.730 ns   ; pc[7] ; pc_out[7] ; clk        ;
; N/A   ; None         ; 7.421 ns   ; pc[4] ; pc_out[4] ; clk        ;
; N/A   ; None         ; 6.446 ns   ; pc[2] ; pc_out[2] ; clk        ;
; N/A   ; None         ; 6.446 ns   ; pc[1] ; pc_out[1] ; clk        ;
+-------+--------------+------------+-------+-----------+------------+


+----------------------------------------------------------------------+
; th                                                                   ;
+---------------+-------------+-----------+---------+-------+----------+
; Minimum Slack ; Required th ; Actual th ; From    ; To    ; To Clock ;
+---------------+-------------+-----------+---------+-------+----------+
; N/A           ; None        ; -3.649 ns ; bus1[2] ; pc[2] ; clk      ;
; N/A           ; None        ; -3.650 ns ; bus1[0] ; pc[0] ; clk      ;
; N/A           ; None        ; -4.142 ns ; bus1[3] ; pc[3] ; clk      ;
; N/A           ; None        ; -4.144 ns ; bus1[1] ; pc[1] ; clk      ;
; N/A           ; None        ; -4.181 ns ; bus1[7] ; pc[7] ; clk      ;
; N/A           ; None        ; -4.991 ns ; bus1[6] ; pc[6] ; clk      ;
; N/A           ; None        ; -5.017 ns ; bus1[5] ; pc[5] ; clk      ;
; N/A           ; None        ; -5.856 ns ; in_pc   ; pc[0] ; clk      ;
; N/A           ; None        ; -5.856 ns ; in_pc   ; pc[1] ; clk      ;
; N/A           ; None        ; -5.856 ns ; in_pc   ; pc[2] ; clk      ;
; N/A           ; None        ; -5.856 ns ; in_pc   ; pc[3] ; clk      ;
; N/A           ; None        ; -5.856 ns ; in_pc   ; pc[4] ; clk      ;
; N/A           ; None        ; -5.856 ns ; in_pc   ; pc[5] ; clk      ;
; N/A           ; None        ; -5.856 ns ; in_pc   ; pc[6] ; clk      ;
; N/A           ; None        ; -5.856 ns ; in_pc   ; pc[7] ; clk      ;
; N/A           ; None        ; -6.318 ns ; bus1[4] ; pc[4] ; clk      ;
+---------------+-------------+-----------+---------+-------+----------+


+--------------------------+
; Timing Analyzer Messages ;
+--------------------------+
Info: *******************************************************************
Info: Running Quartus II Classic Timing Analyzer
    Info: Version 9.0 Build 184 04/29/2009 Service Pack 1 SJ Web Edition
    Info: Processing started: Sun Dec 31 22:00:19 2017
Info: Command: quartus_tan --read_settings_files=off --write_settings_files=off pcofwb -c pcofwb --timing_analysis_only
Warning: Found pins functioning as undefined clocks and/or memory enables
    Info: Assuming node "clk" is an undefined clock
Info: Clock "clk" Internal fmax is restricted to 275.03 MHz between source register "pc[1]" and destination register "pc[5]"
    Info: fmax restricted to Clock High delay (1.818 ns) plus Clock Low delay (1.818 ns) : restricted to 3.636 ns. Expand message to see actual delay path.
        Info: + Longest register to register delay is 2.266 ns
            Info: 1: + IC(0.000 ns) + CELL(0.000 ns) = 0.000 ns; Loc. = LC_X1_Y14_N1; Fanout = 4; REG Node = 'pc[1]'
            Info: 2: + IC(0.529 ns) + CELL(0.564 ns) = 1.093 ns; Loc. = LC_X1_Y14_N1; Fanout = 2; COMB Node = 'pc[1]~19'
            Info: 3: + IC(0.000 ns) + CELL(0.078 ns) = 1.171 ns; Loc. = LC_X1_Y14_N2; Fanout = 2; COMB Node = 'pc[2]~21'
            Info: 4: + IC(0.000 ns) + CELL(0.078 ns) = 1.249 ns; Loc. = LC_X1_Y14_N3; Fanout = 2; COMB Node = 'pc[3]~23'
            Info: 5: + IC(0.000 ns) + CELL(0.178 ns) = 1.427 ns; Loc. = LC_X1_Y14_N4; Fanout = 3; COMB Node = 'pc[4]~25'
            Info: 6: + IC(0.000 ns) + CELL(0.839 ns) = 2.266 ns; Loc. = LC_X1_Y14_N5; Fanout = 4; REG Node = 'pc[5]'
            Info: Total cell delay = 1.737 ns ( 76.65 % )
            Info: Total interconnect delay = 0.529 ns ( 23.35 % )
        Info: - Smallest clock skew is 0.000 ns
            Info: + Shortest clock path from clock "clk" to destination register is 2.954 ns
                Info: 1: + IC(0.000 ns) + CELL(1.469 ns) = 1.469 ns; Loc. = PIN_29; Fanout = 8; CLK Node = 'clk'
                Info: 2: + IC(0.774 ns) + CELL(0.711 ns) = 2.954 ns; Loc. = LC_X1_Y14_N5; Fanout = 4; REG Node = 'pc[5]'
                Info: Total cell delay = 2.180 ns ( 73.80 % )
                Info: Total interconnect delay = 0.774 ns ( 26.20 % )
            Info: - Longest clock path from clock "clk" to source register is 2.954 ns
                Info: 1: + IC(0.000 ns) + CELL(1.469 ns) = 1.469 ns; Loc. = PIN_29; Fanout = 8; CLK Node = 'clk'
                Info: 2: + IC(0.774 ns) + CELL(0.711 ns) = 2.954 ns; Loc. = LC_X1_Y14_N1; Fanout = 4; REG Node = 'pc[1]'
                Info: Total cell delay = 2.180 ns ( 73.80 % )
                Info: Total interconnect delay = 0.774 ns ( 26.20 % )
        Info: + Micro clock to output delay of source is 0.224 ns
        Info: + Micro setup delay of destination is 0.037 ns
Info: tsu for register "pc[4]" (data pin = "bus1[4]", clock pin = "clk") is 6.370 ns
    Info: + Longest pin to register delay is 9.287 ns
        Info: 1: + IC(0.000 ns) + CELL(1.469 ns) = 1.469 ns; Loc. = PIN_161; Fanout = 1; PIN Node = 'bus1[4]'
        Info: 2: + IC(7.703 ns) + CELL(0.115 ns) = 9.287 ns; Loc. = LC_X1_Y14_N4; Fanout = 3; REG Node = 'pc[4]'
        Info: Total cell delay = 1.584 ns ( 17.06 % )
        Info: Total interconnect delay = 7.703 ns ( 82.94 % )
    Info: + Micro setup delay of destination is 0.037 ns
    Info: - Shortest clock path from clock "clk" to destination register is 2.954 ns
        Info: 1: + IC(0.000 ns) + CELL(1.469 ns) = 1.469 ns; Loc. = PIN_29; Fanout = 8; CLK Node = 'clk'
        Info: 2: + IC(0.774 ns) + CELL(0.711 ns) = 2.954 ns; Loc. = LC_X1_Y14_N4; Fanout = 3; REG Node = 'pc[4]'
        Info: Total cell delay = 2.180 ns ( 73.80 % )
        Info: Total interconnect delay = 0.774 ns ( 26.20 % )
Info: tco from clock "clk" to destination pin "pc_out[6]" through register "pc[6]" is 9.486 ns
    Info: + Longest clock path from clock "clk" to source register is 2.954 ns
        Info: 1: + IC(0.000 ns) + CELL(1.469 ns) = 1.469 ns; Loc. = PIN_29; Fanout = 8; CLK Node = 'clk'
        Info: 2: + IC(0.774 ns) + CELL(0.711 ns) = 2.954 ns; Loc. = LC_X1_Y14_N6; Fanout = 4; REG Node = 'pc[6]'
        Info: Total cell delay = 2.180 ns ( 73.80 % )
        Info: Total interconnect delay = 0.774 ns ( 26.20 % )
    Info: + Micro clock to output delay of source is 0.224 ns
    Info: + Longest register to pin delay is 6.308 ns
        Info: 1: + IC(0.000 ns) + CELL(0.000 ns) = 0.000 ns; Loc. = LC_X1_Y14_N6; Fanout = 4; REG Node = 'pc[6]'
        Info: 2: + IC(4.184 ns) + CELL(2.124 ns) = 6.308 ns; Loc. = PIN_160; Fanout = 0; PIN Node = 'pc_out[6]'
        Info: Total cell delay = 2.124 ns ( 33.67 % )
        Info: Total interconnect delay = 4.184 ns ( 66.33 % )
Info: th for register "pc[2]" (data pin = "bus1[2]", clock pin = "clk") is -3.649 ns
    Info: + Longest clock path from clock "clk" to destination register is 2.954 ns
        Info: 1: + IC(0.000 ns) + CELL(1.469 ns) = 1.469 ns; Loc. = PIN_29; Fanout = 8; CLK Node = 'clk'
        Info: 2: + IC(0.774 ns) + CELL(0.711 ns) = 2.954 ns; Loc. = LC_X1_Y14_N2; Fanout = 4; REG Node = 'pc[2]'
        Info: Total cell delay = 2.180 ns ( 73.80 % )
        Info: Total interconnect delay = 0.774 ns ( 26.20 % )
    Info: + Micro hold delay of destination is 0.015 ns
    Info: - Shortest pin to register delay is 6.618 ns
        Info: 1: + IC(0.000 ns) + CELL(1.469 ns) = 1.469 ns; Loc. = PIN_18; Fanout = 1; PIN Node = 'bus1[2]'
        Info: 2: + IC(5.034 ns) + CELL(0.115 ns) = 6.618 ns; Loc. = LC_X1_Y14_N2; Fanout = 4; REG Node = 'pc[2]'
        Info: Total cell delay = 1.584 ns ( 23.93 % )
        Info: Total interconnect delay = 5.034 ns ( 76.07 % )
Info: Quartus II Classic Timing Analyzer was successful. 0 errors, 1 warning
    Info: Peak virtual memory: 206 megabytes
    Info: Processing ended: Sun Dec 31 22:00:19 2017
    Info: Elapsed time: 00:00:00
    Info: Total CPU time (on all processors): 00:00:00


