Analysis & Synthesis report for cpuofwbzuishuai
Fri Jan 05 15:18:14 2018
Quartus II Version 9.0 Build 184 04/29/2009 Service Pack 1 SJ Web Edition


---------------------
; Table of Contents ;
---------------------
  1. Legal Notice
  2. Analysis & Synthesis Summary
  3. Analysis & Synthesis Settings
  4. Analysis & Synthesis Source Files Read
  5. Analysis & Synthesis Resource Usage Summary
  6. Analysis & Synthesis Resource Utilization by Entity
  7. Analysis & Synthesis RAM Summary
  8. User-Specified and Inferred Latches
  9. Registers Removed During Synthesis
 10. General Register Statistics
 11. Multiplexer Restructuring Statistics (Restructuring Performed)
 12. Source assignments for LPM_RAM_IO:inst7|altram:sram|altsyncram:ram_block|altsyncram_c591:auto_generated
 13. Parameter Settings for User Entity Instance: LPM_RAM_IO:inst7
 14. Analysis & Synthesis Messages



----------------
; Legal Notice ;
----------------
Copyright (C) 1991-2009 Altera Corporation
Your use of Altera Corporation's design tools, logic functions 
and other software and tools, and its AMPP partner logic 
functions, and any output files from any of the foregoing 
(including device programming or simulation files), and any 
associated documentation or information are expressly subject 
to the terms and conditions of the Altera Program License 
Subscription Agreement, Altera MegaCore Function License 
Agreement, or other applicable license agreement, including, 
without limitation, that your use is for the sole purpose of 
programming logic devices manufactured by Altera and sold by 
Altera or its authorized distributors.  Please refer to the 
applicable agreement for further details.



+----------------------------------------------------------------------------+
; Analysis & Synthesis Summary                                               ;
+-----------------------------+----------------------------------------------+
; Analysis & Synthesis Status ; Successful - Fri Jan 05 15:18:14 2018        ;
; Quartus II Version          ; 9.0 Build 184 04/29/2009 SP 1 SJ Web Edition ;
; Revision Name               ; cpuofwbzuishuai                              ;
; Top-level Entity Name       ; cpuofwbzuishuai                              ;
; Family                      ; Cyclone                                      ;
; Total logic elements        ; 50                                           ;
; Total pins                  ; 69                                           ;
; Total virtual pins          ; 0                                            ;
; Total memory bits           ; 2,048                                        ;
; Total PLLs                  ; 0                                            ;
+-----------------------------+----------------------------------------------+


+--------------------------------------------------------------------------------------------------------+
; Analysis & Synthesis Settings                                                                          ;
+--------------------------------------------------------------+--------------------+--------------------+
; Option                                                       ; Setting            ; Default Value      ;
+--------------------------------------------------------------+--------------------+--------------------+
; Device                                                       ; EP1C6Q240C8        ;                    ;
; Top-level entity name                                        ; cpuofwbzuishuai    ; cpuofwbzuishuai    ;
; Family name                                                  ; Cyclone            ; Stratix II         ;
; Use Generated Physical Constraints File                      ; Off                ;                    ;
; Use smart compilation                                        ; Off                ; Off                ;
; Restructure Multiplexers                                     ; Auto               ; Auto               ;
; Create Debugging Nodes for IP Cores                          ; Off                ; Off                ;
; Preserve fewer node names                                    ; On                 ; On                 ;
; Disable OpenCore Plus hardware evaluation                    ; Off                ; Off                ;
; Verilog Version                                              ; Verilog_2001       ; Verilog_2001       ;
; VHDL Version                                                 ; VHDL93             ; VHDL93             ;
; State Machine Processing                                     ; Auto               ; Auto               ;
; Safe State Machine                                           ; Off                ; Off                ;
; Extract Verilog State Machines                               ; On                 ; On                 ;
; Extract VHDL State Machines                                  ; On                 ; On                 ;
; Ignore Verilog initial constructs                            ; Off                ; Off                ;
; Iteration limit for constant Verilog loops                   ; 5000               ; 5000               ;
; Iteration limit for non-constant Verilog loops               ; 250                ; 250                ;
; Add Pass-Through Logic to Inferred RAMs                      ; On                 ; On                 ;
; Parallel Synthesis                                           ; Off                ; Off                ;
; NOT Gate Push-Back                                           ; On                 ; On                 ;
; Power-Up Don't Care                                          ; On                 ; On                 ;
; Remove Redundant Logic Cells                                 ; Off                ; Off                ;
; Remove Duplicate Registers                                   ; On                 ; On                 ;
; Ignore CARRY Buffers                                         ; Off                ; Off                ;
; Ignore CASCADE Buffers                                       ; Off                ; Off                ;
; Ignore GLOBAL Buffers                                        ; Off                ; Off                ;
; Ignore ROW GLOBAL Buffers                                    ; Off                ; Off                ;
; Ignore LCELL Buffers                                         ; Off                ; Off                ;
; Ignore SOFT Buffers                                          ; On                 ; On                 ;
; Limit AHDL Integers to 32 Bits                               ; Off                ; Off                ;
; Optimization Technique                                       ; Balanced           ; Balanced           ;
; Carry Chain Length                                           ; 70                 ; 70                 ;
; Auto Carry Chains                                            ; On                 ; On                 ;
; Auto Open-Drain Pins                                         ; On                 ; On                 ;
; Perform WYSIWYG Primitive Resynthesis                        ; Off                ; Off                ;
; Auto ROM Replacement                                         ; On                 ; On                 ;
; Auto RAM Replacement                                         ; On                 ; On                 ;
; Auto Shift Register Replacement                              ; Auto               ; Auto               ;
; Auto Clock Enable Replacement                                ; On                 ; On                 ;
; Strict RAM Replacement                                       ; Off                ; Off                ;
; Allow Synchronous Control Signals                            ; On                 ; On                 ;
; Force Use of Synchronous Clear Signals                       ; Off                ; Off                ;
; Auto RAM Block Balancing                                     ; On                 ; On                 ;
; Auto RAM to Logic Cell Conversion                            ; Off                ; Off                ;
; Auto Resource Sharing                                        ; Off                ; Off                ;
; Allow Any RAM Size For Recognition                           ; Off                ; Off                ;
; Allow Any ROM Size For Recognition                           ; Off                ; Off                ;
; Allow Any Shift Register Size For Recognition                ; Off                ; Off                ;
; Use LogicLock Constraints during Resource Balancing          ; On                 ; On                 ;
; Ignore translate_off and synthesis_off directives            ; Off                ; Off                ;
; Show Parameter Settings Tables in Synthesis Report           ; On                 ; On                 ;
; Ignore Maximum Fan-Out Assignments                           ; Off                ; Off                ;
; Synchronization Register Chain Length                        ; 2                  ; 2                  ;
; PowerPlay Power Optimization                                 ; Normal compilation ; Normal compilation ;
; HDL message level                                            ; Level2             ; Level2             ;
; Suppress Register Optimization Related Messages              ; Off                ; Off                ;
; Number of Removed Registers Reported in Synthesis Report     ; 100                ; 100                ;
; Number of Inverted Registers Reported in Synthesis Report    ; 100                ; 100                ;
; Clock MUX Protection                                         ; On                 ; On                 ;
; Block Design Naming                                          ; Auto               ; Auto               ;
; Synthesis Effort                                             ; Auto               ; Auto               ;
; Shift Register Replacement - Allow Asynchronous Clear Signal ; On                 ; On                 ;
; Analysis & Synthesis Message Level                           ; Medium             ; Medium             ;
+--------------------------------------------------------------+--------------------+--------------------+


+------------------------------------------------------------------------------------------------------------------------------------------------------------------+
; Analysis & Synthesis Source Files Read                                                                                                                           ;
+----------------------------------+-----------------+------------------------------------------+------------------------------------------------------------------+
; File Name with User-Entered Path ; Used in Netlist ; File Type                                ; File Name with Absolute Path                                     ;
+----------------------------------+-----------------+------------------------------------------+------------------------------------------------------------------+
; cpuofwbzuishuai.bdf              ; yes             ; Auto-Found Block Diagram/Schematic File  ; C:/Users/王博/Desktop/cpu/cpuofwbzuishuai/cpuofwbzuishuai.bdf    ;
; aluofwb.vhd                      ; yes             ; Auto-Found VHDL File                     ; C:/Users/王博/Desktop/cpu/cpuofwbzuishuai/aluofwb.vhd            ;
; CPU_DSC.vhd                      ; yes             ; Auto-Found VHDL File                     ; C:/Users/王博/Desktop/cpu/cpuofwbzuishuai/CPU_DSC.vhd            ;
; zhilingofwb.vhd                  ; yes             ; Auto-Found VHDL File                     ; C:/Users/王博/Desktop/cpu/cpuofwbzuishuai/zhilingofwb.vhd        ;
; irofwb.vhd                       ; yes             ; Auto-Found VHDL File                     ; C:/Users/王博/Desktop/cpu/cpuofwbzuishuai/irofwb.vhd             ;
; LPM_RAM_IO.tdf                   ; yes             ; Megafunction                             ; d:/quartus/quartus/libraries/megafunctions/LPM_RAM_IO.tdf        ;
; altram.inc                       ; yes             ; Megafunction                             ; d:/quartus/quartus/libraries/megafunctions/altram.inc            ;
; lpm_mux.inc                      ; yes             ; Megafunction                             ; d:/quartus/quartus/libraries/megafunctions/lpm_mux.inc           ;
; lpm_decode.inc                   ; yes             ; Megafunction                             ; d:/quartus/quartus/libraries/megafunctions/lpm_decode.inc        ;
; aglobal90.inc                    ; yes             ; Megafunction                             ; d:/quartus/quartus/libraries/megafunctions/aglobal90.inc         ;
; altram.tdf                       ; yes             ; Megafunction                             ; d:/quartus/quartus/libraries/megafunctions/altram.tdf            ;
; memmodes.inc                     ; yes             ; Megafunction                             ; d:/quartus/quartus/libraries/others/maxplus2/memmodes.inc        ;
; altsyncram.inc                   ; yes             ; Megafunction                             ; d:/quartus/quartus/libraries/megafunctions/altsyncram.inc        ;
; altqpram.inc                     ; yes             ; Megafunction                             ; d:/quartus/quartus/libraries/megafunctions/altqpram.inc          ;
; altsyncram.tdf                   ; yes             ; Megafunction                             ; d:/quartus/quartus/libraries/megafunctions/altsyncram.tdf        ;
; stratix_ram_block.inc            ; yes             ; Megafunction                             ; d:/quartus/quartus/libraries/megafunctions/stratix_ram_block.inc ;
; a_rdenreg.inc                    ; yes             ; Megafunction                             ; d:/quartus/quartus/libraries/megafunctions/a_rdenreg.inc         ;
; altrom.inc                       ; yes             ; Megafunction                             ; d:/quartus/quartus/libraries/megafunctions/altrom.inc            ;
; altdpram.inc                     ; yes             ; Megafunction                             ; d:/quartus/quartus/libraries/megafunctions/altdpram.inc          ;
; db/altsyncram_c591.tdf           ; yes             ; Auto-Generated Megafunction              ; C:/Users/王博/Desktop/cpu/cpuofwbzuishuai/db/altsyncram_c591.tdf ;
; xzqofwb.vhd                      ; yes             ; Auto-Found VHDL File                     ; C:/Users/王博/Desktop/cpu/cpuofwbzuishuai/xzqofwb.vhd            ;
; pcofwb.vhd                       ; yes             ; Auto-Found VHDL File                     ; C:/Users/王博/Desktop/cpu/cpuofwbzuishuai/pcofwb.vhd             ;
; ywljofwb.vhd                     ; yes             ; Auto-Found VHDL File                     ; C:/Users/王博/Desktop/cpu/cpuofwbzuishuai/ywljofwb.vhd           ;
; tyjcqzofwb.vhd                   ; yes             ; Auto-Found VHDL File                     ; C:/Users/王博/Desktop/cpu/cpuofwbzuishuai/tyjcqzofwb.vhd         ;
; CPU_3_8_decoder.vhd              ; yes             ; Auto-Found VHDL File                     ; C:/Users/王博/Desktop/cpu/cpuofwbzuishuai/CPU_3_8_decoder.vhd    ;
; CPU_JSQ.vhd                      ; yes             ; Auto-Found VHDL File                     ; C:/Users/王博/Desktop/cpu/cpuofwbzuishuai/CPU_JSQ.vhd            ;
+----------------------------------+-----------------+------------------------------------------+------------------------------------------------------------------+


+-------------------------------------------------------------------+
; Analysis & Synthesis Resource Usage Summary                       ;
+---------------------------------------------+---------------------+
; Resource                                    ; Usage               ;
+---------------------------------------------+---------------------+
; Total logic elements                        ; 50                  ;
;     -- Combinational with no register       ; 42                  ;
;     -- Register only                        ; 0                   ;
;     -- Combinational with a register        ; 8                   ;
;                                             ;                     ;
; Logic element usage by number of LUT inputs ;                     ;
;     -- 4 input functions                    ; 24                  ;
;     -- 3 input functions                    ; 14                  ;
;     -- 2 input functions                    ; 11                  ;
;     -- 1 input functions                    ; 1                   ;
;     -- 0 input functions                    ; 0                   ;
;                                             ;                     ;
; Logic elements by mode                      ;                     ;
;     -- normal mode                          ; 44                  ;
;     -- arithmetic mode                      ; 6                   ;
;     -- qfbk mode                            ; 0                   ;
;     -- register cascade mode                ; 0                   ;
;     -- synchronous clear/load mode          ; 0                   ;
;     -- asynchronous clear/load mode         ; 0                   ;
;                                             ;                     ;
; Total registers                             ; 8                   ;
; Total logic cells in carry chains           ; 7                   ;
; I/O pins                                    ; 69                  ;
; Total memory bits                           ; 2048                ;
; Maximum fan-out node                        ; CPU_JSQ:inst8|iq[1] ;
; Maximum fan-out                             ; 21                  ;
; Total fan-out                               ; 307                 ;
; Average fan-out                             ; 2.42                ;
+---------------------------------------------+---------------------+


+-----------------------------------------------------------------------------------------------------------------------------------------------------------------------------------------------------------------------------------------------------------------------------------------------------------------------+
; Analysis & Synthesis Resource Utilization by Entity                                                                                                                                                                                                                                                                   ;
+----------------------------------------------+-------------+--------------+-------------+------+--------------+--------------+-------------------+------------------+-----------------+------------+---------------------------------------------------------------------------------------------------+--------------+
; Compilation Hierarchy Node                   ; Logic Cells ; LC Registers ; Memory Bits ; Pins ; Virtual Pins ; LUT-Only LCs ; Register-Only LCs ; LUT/Register LCs ; Carry Chain LCs ; Packed LCs ; Full Hierarchy Name                                                                               ; Library Name ;
+----------------------------------------------+-------------+--------------+-------------+------+--------------+--------------+-------------------+------------------+-----------------+------------+---------------------------------------------------------------------------------------------------+--------------+
; |cpuofwbzuishuai                             ; 50 (0)      ; 8            ; 2048        ; 69   ; 0            ; 42 (0)       ; 0 (0)             ; 8 (0)            ; 7 (0)           ; 0 (0)      ; |cpuofwbzuishuai                                                                                  ; work         ;
;    |CPU_3_8_decoder:inst9|                   ; 8 (8)       ; 0            ; 0           ; 0    ; 0            ; 8 (8)        ; 0 (0)             ; 0 (0)            ; 0 (0)           ; 0 (0)      ; |cpuofwbzuishuai|CPU_3_8_decoder:inst9                                                            ; work         ;
;    |CPU_DSC:inst16|                          ; 3 (3)       ; 0            ; 0           ; 0    ; 0            ; 3 (3)        ; 0 (0)             ; 0 (0)            ; 0 (0)           ; 0 (0)      ; |cpuofwbzuishuai|CPU_DSC:inst16                                                                   ; work         ;
;    |CPU_JSQ:inst8|                           ; 4 (4)       ; 3            ; 0           ; 0    ; 0            ; 1 (1)        ; 0 (0)             ; 3 (3)            ; 2 (2)           ; 0 (0)      ; |cpuofwbzuishuai|CPU_JSQ:inst8                                                                    ; work         ;
;    |aluofwb:inst3|                           ; 25 (25)     ; 0            ; 0           ; 0    ; 0            ; 25 (25)      ; 0 (0)             ; 0 (0)            ; 0 (0)           ; 0 (0)      ; |cpuofwbzuishuai|aluofwb:inst3                                                                    ; work         ;
;    |lpm_ram_io:inst7|                        ; 0 (0)       ; 0            ; 2048        ; 0    ; 0            ; 0 (0)        ; 0 (0)             ; 0 (0)            ; 0 (0)           ; 0 (0)      ; |cpuofwbzuishuai|lpm_ram_io:inst7                                                                 ; work         ;
;       |altram:sram|                          ; 0 (0)       ; 0            ; 2048        ; 0    ; 0            ; 0 (0)        ; 0 (0)             ; 0 (0)            ; 0 (0)           ; 0 (0)      ; |cpuofwbzuishuai|lpm_ram_io:inst7|altram:sram                                                     ; work         ;
;          |altsyncram:ram_block|              ; 0 (0)       ; 0            ; 2048        ; 0    ; 0            ; 0 (0)        ; 0 (0)             ; 0 (0)            ; 0 (0)           ; 0 (0)      ; |cpuofwbzuishuai|lpm_ram_io:inst7|altram:sram|altsyncram:ram_block                                ; work         ;
;             |altsyncram_c591:auto_generated| ; 0 (0)       ; 0            ; 2048        ; 0    ; 0            ; 0 (0)        ; 0 (0)             ; 0 (0)            ; 0 (0)           ; 0 (0)      ; |cpuofwbzuishuai|lpm_ram_io:inst7|altram:sram|altsyncram:ram_block|altsyncram_c591:auto_generated ; work         ;
;    |pcofwb:inst1|                            ; 5 (5)       ; 5            ; 0           ; 0    ; 0            ; 0 (0)        ; 0 (0)             ; 5 (5)            ; 5 (5)           ; 0 (0)      ; |cpuofwbzuishuai|pcofwb:inst1                                                                     ; work         ;
;    |tyjcqzofwb:inst2|                        ; 1 (1)       ; 0            ; 0           ; 0    ; 0            ; 1 (1)        ; 0 (0)             ; 0 (0)            ; 0 (0)           ; 0 (0)      ; |cpuofwbzuishuai|tyjcqzofwb:inst2                                                                 ; work         ;
;    |ywljofwb:inst4|                          ; 4 (4)       ; 0            ; 0           ; 0    ; 0            ; 4 (4)        ; 0 (0)             ; 0 (0)            ; 0 (0)           ; 0 (0)      ; |cpuofwbzuishuai|ywljofwb:inst4                                                                   ; work         ;
+----------------------------------------------+-------------+--------------+-------------+------+--------------+--------------+-------------------+------------------+-----------------+------------+---------------------------------------------------------------------------------------------------+--------------+
Note: For table entries with two numbers listed, the numbers in parentheses indicate the number of resources of the given type used by the specific entity alone. The numbers listed outside of parentheses indicate the total resources of the given type used by the specific entity and all of its sub-entities in the hierarchy.


+-----------------------------------------------------------------------------------------------------------------------------------------------------------------------------------------------+
; Analysis & Synthesis RAM Summary                                                                                                                                                              ;
+---------------------------------------------------------------------------------------------+------+-------------+--------------+--------------+--------------+--------------+------+---------+
; Name                                                                                        ; Type ; Mode        ; Port A Depth ; Port A Width ; Port B Depth ; Port B Width ; Size ; MIF     ;
+---------------------------------------------------------------------------------------------+------+-------------+--------------+--------------+--------------+--------------+------+---------+
; lpm_ram_io:inst7|altram:sram|altsyncram:ram_block|altsyncram_c591:auto_generated|ALTSYNCRAM ; AUTO ; Single Port ; 256          ; 8            ; --           ; --           ; 2048 ; CPU.mif ;
+---------------------------------------------------------------------------------------------+------+-------------+--------------+--------------+--------------+--------------+------+---------+


+---------------------------------------------------------------------------------------------------+
; User-Specified and Inferred Latches                                                               ;
+----------------------------------------------------+---------------------+------------------------+
; Latch Name                                         ; Latch Enable Signal ; Free of Timing Hazards ;
+----------------------------------------------------+---------------------+------------------------+
; CPU_DSC:inst16|ALU_M                               ; GND                 ; yes                    ;
; Number of user-specified and inferred latches = 1  ;                     ;                        ;
+----------------------------------------------------+---------------------+------------------------+
Note: All latches listed above may not be present at the end of synthesis due to various synthesis optimizations.


+---------------------------------------------------------------------------------+
; Registers Removed During Synthesis                                              ;
+----------------------------------------+----------------------------------------+
; Register name                          ; Reason for Removal                     ;
+----------------------------------------+----------------------------------------+
; tyjcqzofwb:inst2|ra[0]                 ; Merged with tyjcqzofwb:inst2|rc[0]     ;
; tyjcqzofwb:inst2|rb[0..1]              ; Merged with tyjcqzofwb:inst2|rc[0]     ;
; tyjcqzofwb:inst2|rc[1..2]              ; Merged with tyjcqzofwb:inst2|rc[0]     ;
; tyjcqzofwb:inst2|ra[2,6]               ; Merged with tyjcqzofwb:inst2|rc[3]     ;
; tyjcqzofwb:inst2|rb[2,4]               ; Merged with tyjcqzofwb:inst2|rc[3]     ;
; tyjcqzofwb:inst2|ra[4]                 ; Merged with tyjcqzofwb:inst2|rc[3]     ;
; tyjcqzofwb:inst2|rc[4]                 ; Merged with tyjcqzofwb:inst2|rc[3]     ;
; tyjcqzofwb:inst2|ra[7]                 ; Merged with tyjcqzofwb:inst2|rc[3]     ;
; tyjcqzofwb:inst2|rc[5]                 ; Merged with tyjcqzofwb:inst2|rc[3]     ;
; tyjcqzofwb:inst2|rb[5,7]               ; Merged with tyjcqzofwb:inst2|rc[3]     ;
; tyjcqzofwb:inst2|rc[7]                 ; Merged with tyjcqzofwb:inst2|rc[3]     ;
; tyjcqzofwb:inst2|ra[1,3,5]             ; Merged with tyjcqzofwb:inst2|rc[3]     ;
; tyjcqzofwb:inst2|rb[3]                 ; Merged with tyjcqzofwb:inst2|rc[3]     ;
; tyjcqzofwb:inst2|rc[6]                 ; Merged with tyjcqzofwb:inst2|rc[3]     ;
; tyjcqzofwb:inst2|rb[6]                 ; Merged with tyjcqzofwb:inst2|rc[3]     ;
; tyjcqzofwb:inst2|rc[0]                 ; Stuck at VCC due to stuck port data_in ;
; tyjcqzofwb:inst2|rc[3]                 ; Stuck at GND due to stuck port data_in ;
; pcofwb:inst1|pc[0]                     ; Merged with CPU_JSQ:inst8|iq[0]        ;
; pcofwb:inst1|pc[1]                     ; Merged with CPU_JSQ:inst8|iq[1]        ;
; pcofwb:inst1|pc[2]                     ; Merged with CPU_JSQ:inst8|iq[2]        ;
; Total Number of Removed Registers = 27 ;                                        ;
+----------------------------------------+----------------------------------------+


+------------------------------------------------------+
; General Register Statistics                          ;
+----------------------------------------------+-------+
; Statistic                                    ; Value ;
+----------------------------------------------+-------+
; Total registers                              ; 8     ;
; Number of registers using Synchronous Clear  ; 0     ;
; Number of registers using Synchronous Load   ; 0     ;
; Number of registers using Asynchronous Clear ; 0     ;
; Number of registers using Asynchronous Load  ; 0     ;
; Number of registers using Clock Enable       ; 0     ;
; Number of registers using Preset             ; 0     ;
+----------------------------------------------+-------+


+-----------------------------------------------------------------------------------------------------------------------------------------------------------+
; Multiplexer Restructuring Statistics (Restructuring Performed)                                                                                            ;
+--------------------+-----------+---------------+----------------------+------------------------+------------+---------------------------------------------+
; Multiplexer Inputs ; Bus Width ; Baseline Area ; Area if Restructured ; Saving if Restructured ; Registered ; Example Multiplexer Output                  ;
+--------------------+-----------+---------------+----------------------+------------------------+------------+---------------------------------------------+
; 3:1                ; 3 bits    ; 6 LEs         ; 6 LEs                ; 0 LEs                  ; No         ; |cpuofwbzuishuai|ywljofwb:inst4|ywljsc[3]~7 ;
; 7:1                ; 3 bits    ; 12 LEs        ; 12 LEs               ; 0 LEs                  ; No         ; |cpuofwbzuishuai|aluofwb:inst3|alu_out[2]   ;
+--------------------+-----------+---------------+----------------------+------------------------+------------+---------------------------------------------+


+---------------------------------------------------------------------------------------------------------+
; Source assignments for LPM_RAM_IO:inst7|altram:sram|altsyncram:ram_block|altsyncram_c591:auto_generated ;
+---------------------------------+--------------------+------+-------------------------------------------+
; Assignment                      ; Value              ; From ; To                                        ;
+---------------------------------+--------------------+------+-------------------------------------------+
; OPTIMIZE_POWER_DURING_SYNTHESIS ; NORMAL_COMPILATION ; -    ; -                                         ;
+---------------------------------+--------------------+------+-------------------------------------------+


+---------------------------------------------------------------+
; Parameter Settings for User Entity Instance: LPM_RAM_IO:inst7 ;
+------------------------+--------------+-----------------------+
; Parameter Name         ; Value        ; Type                  ;
+------------------------+--------------+-----------------------+
; LPM_WIDTH              ; 8            ; Signed Integer        ;
; LPM_WIDTHAD            ; 8            ; Signed Integer        ;
; LPM_NUMWORDS           ; 256          ; Signed Integer        ;
; LPM_INDATA             ; REGISTERED   ; Untyped               ;
; LPM_ADDRESS_CONTROL    ; REGISTERED   ; Untyped               ;
; LPM_OUTDATA            ; UNREGISTERED ; Untyped               ;
; LPM_FILE               ; CPU.mif      ; Untyped               ;
; USE_EAB                ; ON           ; Untyped               ;
; DEVICE_FAMILY          ; Cyclone      ; Untyped               ;
; AUTO_CARRY_CHAINS      ; ON           ; AUTO_CARRY            ;
; IGNORE_CARRY_BUFFERS   ; OFF          ; IGNORE_CARRY          ;
; AUTO_CASCADE_CHAINS    ; ON           ; AUTO_CASCADE          ;
; IGNORE_CASCADE_BUFFERS ; OFF          ; IGNORE_CASCADE        ;
+------------------------+--------------+-----------------------+
Note: In order to hide this table in the UI and the text report file, please set the "Show Parameter Settings Tables in Synthesis Report" option in "Analysis and Synthesis Settings -> More Settings" to "Off".


+-------------------------------+
; Analysis & Synthesis Messages ;
+-------------------------------+
Info: *******************************************************************
Info: Running Quartus II Analysis & Synthesis
    Info: Version 9.0 Build 184 04/29/2009 Service Pack 1 SJ Web Edition
    Info: Processing started: Fri Jan 05 15:18:13 2018
Info: Command: quartus_map --read_settings_files=on --write_settings_files=off cpuofwbzuishuai -c cpuofwbzuishuai
Warning: Can't analyze file -- file C:/Users/王博/Desktop/cpu/xzqofwb/cpuofwbzuishuai.bdf is missing
Warning: Using design file cpuofwbzuishuai.bdf, which is not specified as a design file for the current project, but contains definitions for 1 design units and 1 entities in project
    Info: Found entity 1: cpuofwbzuishuai
Info: Elaborating entity "cpuofwbzuishuai" for the top level hierarchy
Warning: Using design file aluofwb.vhd, which is not specified as a design file for the current project, but contains definitions for 2 design units and 1 entities in project
    Info: Found design unit 1: aluofwb-description
    Info: Found entity 1: aluofwb
Info: Elaborating entity "aluofwb" for hierarchy "aluofwb:inst3"
Warning (10492): VHDL Process Statement warning at aluofwb.vhd(23): signal "s" is read inside the Process Statement but isn't in the Process Statement's sensitivity list
Warning (10492): VHDL Process Statement warning at aluofwb.vhd(26): signal "s" is read inside the Process Statement but isn't in the Process Statement's sensitivity list
Warning (10492): VHDL Process Statement warning at aluofwb.vhd(29): signal "k1" is read inside the Process Statement but isn't in the Process Statement's sensitivity list
Warning (10492): VHDL Process Statement warning at aluofwb.vhd(29): signal "k2" is read inside the Process Statement but isn't in the Process Statement's sensitivity list
Warning (10492): VHDL Process Statement warning at aluofwb.vhd(30): signal "k3" is read inside the Process Statement but isn't in the Process Statement's sensitivity list
Warning (10492): VHDL Process Statement warning at aluofwb.vhd(32): signal "s" is read inside the Process Statement but isn't in the Process Statement's sensitivity list
Warning (10492): VHDL Process Statement warning at aluofwb.vhd(41): signal "s" is read inside the Process Statement but isn't in the Process Statement's sensitivity list
Warning (10492): VHDL Process Statement warning at aluofwb.vhd(44): signal "s" is read inside the Process Statement but isn't in the Process Statement's sensitivity list
Warning (10631): VHDL Process Statement warning at aluofwb.vhd(16): inferring latch(es) for signal or variable "k1", which holds its previous value in one or more paths through the process
Warning (10631): VHDL Process Statement warning at aluofwb.vhd(16): inferring latch(es) for signal or variable "k2", which holds its previous value in one or more paths through the process
Warning (10631): VHDL Process Statement warning at aluofwb.vhd(16): inferring latch(es) for signal or variable "k3", which holds its previous value in one or more paths through the process
Info (10041): Inferred latch for "k3[8]" at aluofwb.vhd(16)
Info (10041): Inferred latch for "k2[0]" at aluofwb.vhd(16)
Info (10041): Inferred latch for "k2[1]" at aluofwb.vhd(16)
Info (10041): Inferred latch for "k2[2]" at aluofwb.vhd(16)
Info (10041): Inferred latch for "k2[3]" at aluofwb.vhd(16)
Info (10041): Inferred latch for "k2[4]" at aluofwb.vhd(16)
Info (10041): Inferred latch for "k2[5]" at aluofwb.vhd(16)
Info (10041): Inferred latch for "k2[6]" at aluofwb.vhd(16)
Info (10041): Inferred latch for "k2[7]" at aluofwb.vhd(16)
Info (10041): Inferred latch for "k2[8]" at aluofwb.vhd(16)
Info (10041): Inferred latch for "k1[0]" at aluofwb.vhd(16)
Info (10041): Inferred latch for "k1[1]" at aluofwb.vhd(16)
Info (10041): Inferred latch for "k1[2]" at aluofwb.vhd(16)
Info (10041): Inferred latch for "k1[3]" at aluofwb.vhd(16)
Info (10041): Inferred latch for "k1[4]" at aluofwb.vhd(16)
Info (10041): Inferred latch for "k1[5]" at aluofwb.vhd(16)
Info (10041): Inferred latch for "k1[6]" at aluofwb.vhd(16)
Info (10041): Inferred latch for "k1[7]" at aluofwb.vhd(16)
Info (10041): Inferred latch for "k1[8]" at aluofwb.vhd(16)
Warning: Using design file CPU_DSC.vhd, which is not specified as a design file for the current project, but contains definitions for 2 design units and 1 entities in project
    Info: Found design unit 1: CPU_DSC-DESCRIPTION
    Info: Found entity 1: CPU_DSC
Info: Elaborating entity "CPU_DSC" for hierarchy "CPU_DSC:inst16"
Warning (10036): Verilog HDL or VHDL warning at CPU_DSC.vhd(44): object "FETCH1" assigned a value but never read
Warning (10036): Verilog HDL or VHDL warning at CPU_DSC.vhd(44): object "FETCH2" assigned a value but never read
Warning (10036): Verilog HDL or VHDL warning at CPU_DSC.vhd(44): object "MOVA1" assigned a value but never read
Warning (10036): Verilog HDL or VHDL warning at CPU_DSC.vhd(44): object "MOVB1" assigned a value but never read
Warning (10036): Verilog HDL or VHDL warning at CPU_DSC.vhd(44): object "MOVC1" assigned a value but never read
Warning (10036): Verilog HDL or VHDL warning at CPU_DSC.vhd(44): object "ALU2" assigned a value but never read
Warning (10631): VHDL Process Statement warning at CPU_DSC.vhd(43): inferring latch(es) for signal or variable "ALU_M", which holds its previous value in one or more paths through the process
Info (10041): Inferred latch for "ALU_M" at CPU_DSC.vhd(43)
Warning: Using design file zhilingofwb.vhd, which is not specified as a design file for the current project, but contains definitions for 2 design units and 1 entities in project
    Info: Found design unit 1: zhilingofwb-BEHAV
    Info: Found entity 1: zhilingofwb
Info: Elaborating entity "zhilingofwb" for hierarchy "zhilingofwb:inst"
Warning (10492): VHDL Process Statement warning at zhilingofwb.vhd(96): signal "EN" is read inside the Process Statement but isn't in the Process Statement's sensitivity list
Warning: Using design file irofwb.vhd, which is not specified as a design file for the current project, but contains definitions for 2 design units and 1 entities in project
    Info: Found design unit 1: irofwb-a
    Info: Found entity 1: irofwb
Info: Elaborating entity "irofwb" for hierarchy "irofwb:inst5"
Warning (10631): VHDL Process Statement warning at irofwb.vhd(13): inferring latch(es) for signal or variable "outir", which holds its previous value in one or more paths through the process
Info (10041): Inferred latch for "outir[0]" at irofwb.vhd(13)
Info (10041): Inferred latch for "outir[1]" at irofwb.vhd(13)
Info (10041): Inferred latch for "outir[2]" at irofwb.vhd(13)
Info (10041): Inferred latch for "outir[3]" at irofwb.vhd(13)
Info (10041): Inferred latch for "outir[4]" at irofwb.vhd(13)
Info (10041): Inferred latch for "outir[5]" at irofwb.vhd(13)
Info (10041): Inferred latch for "outir[6]" at irofwb.vhd(13)
Info (10041): Inferred latch for "outir[7]" at irofwb.vhd(13)
Info: Elaborating entity "LPM_RAM_IO" for hierarchy "LPM_RAM_IO:inst7"
Info: Elaborated megafunction instantiation "LPM_RAM_IO:inst7"
Info: Instantiated megafunction "LPM_RAM_IO:inst7" with the following parameter:
    Info: Parameter "LPM_ADDRESS_CONTROL" = "REGISTERED"
    Info: Parameter "LPM_FILE" = "CPU.mif"
    Info: Parameter "LPM_INDATA" = "REGISTERED"
    Info: Parameter "LPM_NUMWORDS" = "256"
    Info: Parameter "LPM_OUTDATA" = "UNREGISTERED"
    Info: Parameter "LPM_WIDTH" = "8"
    Info: Parameter "LPM_WIDTHAD" = "8"
Info: Elaborating entity "altram" for hierarchy "LPM_RAM_IO:inst7|altram:sram"
Warning: Assertion warning: altram does not support Cyclone device family -- attempting best-case memory conversions, but power-up states and read during write behavior will be different for Cyclone devices
Info: Elaborated megafunction instantiation "LPM_RAM_IO:inst7|altram:sram", which is child of megafunction instantiation "LPM_RAM_IO:inst7"
Info: Elaborating entity "altsyncram" for hierarchy "LPM_RAM_IO:inst7|altram:sram|altsyncram:ram_block"
Info: Elaborated megafunction instantiation "LPM_RAM_IO:inst7|altram:sram|altsyncram:ram_block", which is child of megafunction instantiation "LPM_RAM_IO:inst7"
Info: Found 1 design units, including 1 entities, in source file db/altsyncram_c591.tdf
    Info: Found entity 1: altsyncram_c591
Info: Elaborating entity "altsyncram_c591" for hierarchy "LPM_RAM_IO:inst7|altram:sram|altsyncram:ram_block|altsyncram_c591:auto_generated"
Warning: Using design file xzqofwb.vhd, which is not specified as a design file for the current project, but contains definitions for 2 design units and 1 entities in project
    Info: Found design unit 1: xzqofwb-a
    Info: Found entity 1: xzqofwb
Info: Elaborating entity "xzqofwb" for hierarchy "xzqofwb:inst15"
Warning (10492): VHDL Process Statement warning at xzqofwb.vhd(14): signal "in0" is read inside the Process Statement but isn't in the Process Statement's sensitivity list
Warning (10492): VHDL Process Statement warning at xzqofwb.vhd(16): signal "in1" is read inside the Process Statement but isn't in the Process Statement's sensitivity list
Warning (10492): VHDL Process Statement warning at xzqofwb.vhd(18): signal "in2" is read inside the Process Statement but isn't in the Process Statement's sensitivity list
Warning (10631): VHDL Process Statement warning at xzqofwb.vhd(11): inferring latch(es) for signal or variable "x_out", which holds its previous value in one or more paths through the process
Info (10041): Inferred latch for "x_out[0]" at xzqofwb.vhd(11)
Info (10041): Inferred latch for "x_out[1]" at xzqofwb.vhd(11)
Info (10041): Inferred latch for "x_out[2]" at xzqofwb.vhd(11)
Info (10041): Inferred latch for "x_out[3]" at xzqofwb.vhd(11)
Info (10041): Inferred latch for "x_out[4]" at xzqofwb.vhd(11)
Info (10041): Inferred latch for "x_out[5]" at xzqofwb.vhd(11)
Info (10041): Inferred latch for "x_out[6]" at xzqofwb.vhd(11)
Info (10041): Inferred latch for "x_out[7]" at xzqofwb.vhd(11)
Warning: Using design file pcofwb.vhd, which is not specified as a design file for the current project, but contains definitions for 2 design units and 1 entities in project
    Info: Found design unit 1: pcofwb-a
    Info: Found entity 1: pcofwb
Info: Elaborating entity "pcofwb" for hierarchy "pcofwb:inst1"
Warning: Using design file ywljofwb.vhd, which is not specified as a design file for the current project, but contains definitions for 2 design units and 1 entities in project
    Info: Found design unit 1: ywljofwb-a
    Info: Found entity 1: ywljofwb
Info: Elaborating entity "ywljofwb" for hierarchy "ywljofwb:inst4"
Warning (10492): VHDL Process Statement warning at ywljofwb.vhd(18): signal "alu_out" is read inside the Process Statement but isn't in the Process Statement's sensitivity list
Warning (10492): VHDL Process Statement warning at ywljofwb.vhd(19): signal "alu_out" is read inside the Process Statement but isn't in the Process Statement's sensitivity list
Warning (10492): VHDL Process Statement warning at ywljofwb.vhd(21): signal "alu_out" is read inside the Process Statement but isn't in the Process Statement's sensitivity list
Warning (10492): VHDL Process Statement warning at ywljofwb.vhd(22): signal "alu_out" is read inside the Process Statement but isn't in the Process Statement's sensitivity list
Warning (10492): VHDL Process Statement warning at ywljofwb.vhd(24): signal "alu_out" is read inside the Process Statement but isn't in the Process Statement's sensitivity list
Warning (10492): VHDL Process Statement warning at ywljofwb.vhd(27): signal "m" is read inside the Process Statement but isn't in the Process Statement's sensitivity list
Warning (10631): VHDL Process Statement warning at ywljofwb.vhd(15): inferring latch(es) for signal or variable "ywljsc", which holds its previous value in one or more paths through the process
Warning (10631): VHDL Process Statement warning at ywljofwb.vhd(15): inferring latch(es) for signal or variable "m", which holds its previous value in one or more paths through the process
Info (10041): Inferred latch for "m" at ywljofwb.vhd(15)
Info (10041): Inferred latch for "ywljsc[0]" at ywljofwb.vhd(15)
Info (10041): Inferred latch for "ywljsc[1]" at ywljofwb.vhd(15)
Info (10041): Inferred latch for "ywljsc[2]" at ywljofwb.vhd(15)
Info (10041): Inferred latch for "ywljsc[3]" at ywljofwb.vhd(15)
Info (10041): Inferred latch for "ywljsc[4]" at ywljofwb.vhd(15)
Info (10041): Inferred latch for "ywljsc[5]" at ywljofwb.vhd(15)
Info (10041): Inferred latch for "ywljsc[6]" at ywljofwb.vhd(15)
Info (10041): Inferred latch for "ywljsc[7]" at ywljofwb.vhd(15)
Warning: Using design file tyjcqzofwb.vhd, which is not specified as a design file for the current project, but contains definitions for 2 design units and 1 entities in project
    Info: Found design unit 1: tyjcqzofwb-ab
    Info: Found entity 1: tyjcqzofwb
Info: Elaborating entity "tyjcqzofwb" for hierarchy "tyjcqzofwb:inst2"
Warning (10492): VHDL Process Statement warning at tyjcqzofwb.vhd(16): signal "rb" is read inside the Process Statement but isn't in the Process Statement's sensitivity list
Warning (10492): VHDL Process Statement warning at tyjcqzofwb.vhd(18): signal "rc" is read inside the Process Statement but isn't in the Process Statement's sensitivity list
Warning (10492): VHDL Process Statement warning at tyjcqzofwb.vhd(20): signal "rb" is read inside the Process Statement but isn't in the Process Statement's sensitivity list
Warning (10492): VHDL Process Statement warning at tyjcqzofwb.vhd(25): signal "rc" is read inside the Process Statement but isn't in the Process Statement's sensitivity list
Warning (10492): VHDL Process Statement warning at tyjcqzofwb.vhd(27): signal "ra" is read inside the Process Statement but isn't in the Process Statement's sensitivity list
Warning: Using design file CPU_3_8_decoder.vhd, which is not specified as a design file for the current project, but contains definitions for 2 design units and 1 entities in project
    Info: Found design unit 1: CPU_3_8_decoder-description
    Info: Found entity 1: CPU_3_8_decoder
Info: Elaborating entity "CPU_3_8_decoder" for hierarchy "CPU_3_8_decoder:inst9"
Warning: Using design file CPU_JSQ.vhd, which is not specified as a design file for the current project, but contains definitions for 2 design units and 1 entities in project
    Info: Found design unit 1: CPU_JSQ-bhv
    Info: Found entity 1: CPU_JSQ
Info: Elaborating entity "CPU_JSQ" for hierarchy "CPU_JSQ:inst8"
Warning: LATCH primitive "irofwb:inst5|outir[1]" is permanently enabled
Warning: LATCH primitive "irofwb:inst5|outir[2]" is permanently enabled
Warning: LATCH primitive "irofwb:inst5|outir[3]" is permanently enabled
Warning: LATCH primitive "irofwb:inst5|outir[4]" is permanently enabled
Warning: LATCH primitive "irofwb:inst5|outir[5]" is permanently enabled
Warning: LATCH primitive "irofwb:inst5|outir[6]" is permanently enabled
Warning: LATCH primitive "irofwb:inst5|outir[7]" is permanently enabled
Warning: LATCH primitive "irofwb:inst5|outir[0]" is permanently enabled
Warning: LATCH primitive "xzqofwb:inst15|x_out[1]" is permanently enabled
Warning: LATCH primitive "xzqofwb:inst15|x_out[2]" is permanently enabled
Warning: LATCH primitive "xzqofwb:inst15|x_out[3]" is permanently enabled
Warning: LATCH primitive "xzqofwb:inst15|x_out[4]" is permanently enabled
Warning: LATCH primitive "xzqofwb:inst15|x_out[5]" is permanently enabled
Warning: LATCH primitive "xzqofwb:inst15|x_out[6]" is permanently enabled
Warning: LATCH primitive "xzqofwb:inst15|x_out[7]" is permanently enabled
Warning: LATCH primitive "xzqofwb:inst15|x_out[0]" is permanently enabled
Warning: LATCH primitive "xzqofwb:inst15|x_out[1]" is permanently enabled
Warning: LATCH primitive "xzqofwb:inst15|x_out[2]" is permanently enabled
Warning: LATCH primitive "xzqofwb:inst15|x_out[3]" is permanently enabled
Warning: LATCH primitive "xzqofwb:inst15|x_out[4]" is permanently enabled
Warning: LATCH primitive "xzqofwb:inst15|x_out[5]" is permanently enabled
Warning: LATCH primitive "xzqofwb:inst15|x_out[6]" is permanently enabled
Warning: LATCH primitive "xzqofwb:inst15|x_out[7]" is permanently enabled
Warning: LATCH primitive "xzqofwb:inst15|x_out[0]" is permanently enabled
Warning: LATCH primitive "ywljofwb:inst4|ywljsc[7]" is permanently enabled
Warning: LATCH primitive "ywljofwb:inst4|ywljsc[6]" is permanently enabled
Warning: LATCH primitive "ywljofwb:inst4|ywljsc[5]" is permanently enabled
Warning: LATCH primitive "ywljofwb:inst4|ywljsc[4]" is permanently enabled
Warning: LATCH primitive "ywljofwb:inst4|ywljsc[3]" is permanently enabled
Warning: LATCH primitive "ywljofwb:inst4|ywljsc[2]" is permanently enabled
Warning: LATCH primitive "ywljofwb:inst4|ywljsc[1]" is permanently enabled
Warning: LATCH primitive "ywljofwb:inst4|ywljsc[0]" is permanently enabled
Warning: Always-enabled tri-state buffer(s) removed
    Warning: Converted the fanout from the always-enabled tri-state buffer "lpm_ram_io:inst7|datatri[7]" to the node "ram_out[7]" into a wire
    Warning: Converted the fanout from the always-enabled tri-state buffer "lpm_ram_io:inst7|datatri[7]" to the node "s[3]" into a wire
    Warning: Converted the fanout from the always-enabled tri-state buffer "lpm_ram_io:inst7|datatri[6]" to the node "ram_out[6]" into a wire
    Warning: Converted the fanout from the always-enabled tri-state buffer "lpm_ram_io:inst7|datatri[6]" to the node "s[2]" into a wire
    Warning: Converted the fanout from the always-enabled tri-state buffer "lpm_ram_io:inst7|datatri[4]" to the node "ram_out[4]" into a wire
    Warning: Converted the fanout from the always-enabled tri-state buffer "lpm_ram_io:inst7|datatri[4]" to the node "s[0]" into a wire
    Warning: Converted the fanout from the always-enabled tri-state buffer "lpm_ram_io:inst7|datatri[1]" to the node "ram_out[1]" into a wire
    Warning: Converted the fanout from the always-enabled tri-state buffer "lpm_ram_io:inst7|datatri[0]" to the node "ram_out[0]" into a wire
    Warning: Converted the fanout from the always-enabled tri-state buffer "lpm_ram_io:inst7|datatri[3]" to the node "ram_out[3]" into a wire
    Warning: Converted the fanout from the always-enabled tri-state buffer "lpm_ram_io:inst7|datatri[3]" to the node "r2[0]" into a wire
    Warning: Converted the fanout from the always-enabled tri-state buffer "lpm_ram_io:inst7|datatri[2]" to the node "ram_out[2]" into a wire
    Warning: Converted the fanout from the always-enabled tri-state buffer "lpm_ram_io:inst7|datatri[5]" to the node "ram_out[5]" into a wire
    Warning: Converted the fanout from the always-enabled tri-state buffer "lpm_ram_io:inst7|datatri[5]" to the node "s[1]" into a wire
Warning: Tri-state node(s) do not directly drive top-level pin(s)
    Warning: Converted the fan-out from the tri-state buffer "lpm_ram_io:inst7|datatri[7]" to the node "lpm_ram_io:inst7|altram:sram|altsyncram:ram_block|altsyncram_c591:auto_generated|q_a[7]" into an OR gate
    Warning: Converted the fan-out from the tri-state buffer "lpm_ram_io:inst7|datatri[6]" to the node "lpm_ram_io:inst7|altram:sram|altsyncram:ram_block|altsyncram_c591:auto_generated|q_a[6]" into an OR gate
    Warning: Converted the fan-out from the tri-state buffer "lpm_ram_io:inst7|datatri[4]" to the node "lpm_ram_io:inst7|altram:sram|altsyncram:ram_block|altsyncram_c591:auto_generated|q_a[4]" into an OR gate
    Warning: Converted the fan-out from the tri-state buffer "lpm_ram_io:inst7|datatri[1]" to the node "lpm_ram_io:inst7|altram:sram|altsyncram:ram_block|altsyncram_c591:auto_generated|q_a[1]" into an OR gate
    Warning: Converted the fan-out from the tri-state buffer "lpm_ram_io:inst7|datatri[0]" to the node "lpm_ram_io:inst7|altram:sram|altsyncram:ram_block|altsyncram_c591:auto_generated|q_a[0]" into an OR gate
    Warning: Converted the fan-out from the tri-state buffer "lpm_ram_io:inst7|datatri[3]" to the node "lpm_ram_io:inst7|altram:sram|altsyncram:ram_block|altsyncram_c591:auto_generated|q_a[3]" into an OR gate
    Warning: Converted the fan-out from the tri-state buffer "lpm_ram_io:inst7|datatri[2]" to the node "lpm_ram_io:inst7|altram:sram|altsyncram:ram_block|altsyncram_c591:auto_generated|q_a[2]" into an OR gate
    Warning: Converted the fan-out from the tri-state buffer "lpm_ram_io:inst7|datatri[5]" to the node "lpm_ram_io:inst7|altram:sram|altsyncram:ram_block|altsyncram_c591:auto_generated|q_a[5]" into an OR gate
Warning: Output pins are stuck at VCC or GND
    Warning (13410): Pin "r1[7]" is stuck at GND
    Warning (13410): Pin "r1[6]" is stuck at GND
    Warning (13410): Pin "r1[5]" is stuck at GND
    Warning (13410): Pin "r1[4]" is stuck at GND
    Warning (13410): Pin "r1[3]" is stuck at GND
    Warning (13410): Pin "r2[7]" is stuck at GND
    Warning (13410): Pin "r2[6]" is stuck at GND
    Warning (13410): Pin "r2[5]" is stuck at GND
    Warning (13410): Pin "r2[4]" is stuck at GND
    Warning (13410): Pin "r2[3]" is stuck at GND
Info: Implemented 127 device resources after synthesis - the final resource count might be different
    Info: Implemented 1 input pins
    Info: Implemented 68 output pins
    Info: Implemented 50 logic cells
    Info: Implemented 8 RAM segments
Info: Quartus II Analysis & Synthesis was successful. 0 errors, 116 warnings
    Info: Peak virtual memory: 271 megabytes
    Info: Processing ended: Fri Jan 05 15:18:14 2018
    Info: Elapsed time: 00:00:01
    Info: Total CPU time (on all processors): 00:00:02


