Classic Timing Analyzer report for dchufa
Fri Dec 08 21:21:16 2017
Quartus II Version 9.0 Build 184 04/29/2009 Service Pack 1 SJ Web Edition


---------------------
; Table of Contents ;
---------------------
  1. Legal Notice
  2. Timing Analyzer Summary
  3. Timing Analyzer Settings
  4. Clock Settings Summary
  5. Parallel Compilation
  6. Clock Setup: 'C'
  7. tsu
  8. tco
  9. th
 10. Timing Analyzer Messages



----------------
; Legal Notice ;
----------------
Copyright (C) 1991-2009 Altera Corporation
Your use of Altera Corporation's design tools, logic functions 
and other software and tools, and its AMPP partner logic 
functions, and any output files from any of the foregoing 
(including device programming or simulation files), and any 
associated documentation or information are expressly subject 
to the terms and conditions of the Altera Program License 
Subscription Agreement, Altera MegaCore Function License 
Agreement, or other applicable license agreement, including, 
without limitation, that your use is for the sole purpose of 
programming logic devices manufactured by Altera and sold by 
Altera or its authorized distributors.  Please refer to the 
applicable agreement for further details.



+------------------------------------------------------------------------------------------------------------------------------------------------------------+
; Timing Analyzer Summary                                                                                                                                    ;
+------------------------------+-------+---------------+------------------------------------------------+------+------+------------+----------+--------------+
; Type                         ; Slack ; Required Time ; Actual Time                                    ; From ; To   ; From Clock ; To Clock ; Failed Paths ;
+------------------------------+-------+---------------+------------------------------------------------+------+------+------------+----------+--------------+
; Worst-case tsu               ; N/A   ; None          ; 2.224 ns                                       ; D    ; inst ; --         ; C        ; 0            ;
; Worst-case tco               ; N/A   ; None          ; 7.406 ns                                       ; inst ; Q    ; C          ; --       ; 0            ;
; Worst-case th                ; N/A   ; None          ; -1.862 ns                                      ; EN   ; inst ; --         ; C        ; 0            ;
; Clock Setup: 'C'             ; N/A   ; None          ; Restricted to 500.00 MHz ( period = 2.000 ns ) ; inst ; inst ; C          ; C        ; 0            ;
; Total number of failed paths ;       ;               ;                                                ;      ;      ;            ;          ; 0            ;
+------------------------------+-------+---------------+------------------------------------------------+------+------+------------+----------+--------------+


+--------------------------------------------------------------------------------------------------------------------+
; Timing Analyzer Settings                                                                                           ;
+---------------------------------------------------------------------+--------------------+------+----+-------------+
; Option                                                              ; Setting            ; From ; To ; Entity Name ;
+---------------------------------------------------------------------+--------------------+------+----+-------------+
; Device Name                                                         ; EP2S15F484C3       ;      ;    ;             ;
; Timing Models                                                       ; Final              ;      ;    ;             ;
; Default hold multicycle                                             ; Same as Multicycle ;      ;    ;             ;
; Cut paths between unrelated clock domains                           ; On                 ;      ;    ;             ;
; Cut off read during write signal paths                              ; On                 ;      ;    ;             ;
; Cut off feedback from I/O pins                                      ; On                 ;      ;    ;             ;
; Report Combined Fast/Slow Timing                                    ; Off                ;      ;    ;             ;
; Ignore Clock Settings                                               ; Off                ;      ;    ;             ;
; Analyze latches as synchronous elements                             ; On                 ;      ;    ;             ;
; Enable Recovery/Removal analysis                                    ; Off                ;      ;    ;             ;
; Enable Clock Latency                                                ; Off                ;      ;    ;             ;
; Use TimeQuest Timing Analyzer                                       ; Off                ;      ;    ;             ;
; Number of source nodes to report per destination node               ; 10                 ;      ;    ;             ;
; Number of destination nodes to report                               ; 10                 ;      ;    ;             ;
; Number of paths to report                                           ; 200                ;      ;    ;             ;
; Report Minimum Timing Checks                                        ; Off                ;      ;    ;             ;
; Use Fast Timing Models                                              ; Off                ;      ;    ;             ;
; Report IO Paths Separately                                          ; Off                ;      ;    ;             ;
; Perform Multicorner Analysis                                        ; On                 ;      ;    ;             ;
; Reports the worst-case path for each clock domain and analysis      ; Off                ;      ;    ;             ;
; Removes common clock path pessimism (CCPP) during slack computation ; Off                ;      ;    ;             ;
; Output I/O Timing Endpoint                                          ; Near End           ;      ;    ;             ;
+---------------------------------------------------------------------+--------------------+------+----+-------------+


+------------------------------------------------------------------------------------------------------------------------------------------------------------------------------------+
; Clock Settings Summary                                                                                                                                                             ;
+-----------------+--------------------+----------+------------------+---------------+--------------+----------+-----------------------+---------------------+--------+--------------+
; Clock Node Name ; Clock Setting Name ; Type     ; Fmax Requirement ; Early Latency ; Late Latency ; Based on ; Multiply Base Fmax by ; Divide Base Fmax by ; Offset ; Phase offset ;
+-----------------+--------------------+----------+------------------+---------------+--------------+----------+-----------------------+---------------------+--------+--------------+
; C               ;                    ; User Pin ; None             ; 0.000 ns      ; 0.000 ns     ; --       ; N/A                   ; N/A                 ; N/A    ;              ;
+-----------------+--------------------+----------+------------------+---------------+--------------+----------+-----------------------+---------------------+--------+--------------+


Parallel compilation was disabled, but you have multiple processors available. Enable parallel compilation to reduce compilation time.
+-------------------------------------+
; Parallel Compilation                ;
+----------------------------+--------+
; Processors                 ; Number ;
+----------------------------+--------+
; Number detected on machine ; 4      ;
; Maximum allowed            ; 1      ;
+----------------------------+--------+


+----------------------------------------------------------------------------------------------------------------------------------------------------------------------------------+
; Clock Setup: 'C'                                                                                                                                                                 ;
+-------+------------------------------------------------+------+------+------------+----------+-----------------------------+---------------------------+-------------------------+
; Slack ; Actual fmax (period)                           ; From ; To   ; From Clock ; To Clock ; Required Setup Relationship ; Required Longest P2P Time ; Actual Longest P2P Time ;
+-------+------------------------------------------------+------+------+------------+----------+-----------------------------+---------------------------+-------------------------+
; N/A   ; Restricted to 500.00 MHz ( period = 2.000 ns ) ; inst ; inst ; C          ; C        ; None                        ; None                      ; 0.396 ns                ;
+-------+------------------------------------------------+------+------+------------+----------+-----------------------------+---------------------------+-------------------------+


+------------------------------------------------------------+
; tsu                                                        ;
+-------+--------------+------------+------+------+----------+
; Slack ; Required tsu ; Actual tsu ; From ; To   ; To Clock ;
+-------+--------------+------------+------+------+----------+
; N/A   ; None         ; 2.224 ns   ; D    ; inst ; C        ;
; N/A   ; None         ; 2.101 ns   ; EN   ; inst ; C        ;
+-------+--------------+------------+------+------+----------+


+------------------------------------------------------------+
; tco                                                        ;
+-------+--------------+------------+------+----+------------+
; Slack ; Required tco ; Actual tco ; From ; To ; From Clock ;
+-------+--------------+------------+------+----+------------+
; N/A   ; None         ; 7.406 ns   ; inst ; Q  ; C          ;
+-------+--------------+------------+------+----+------------+


+------------------------------------------------------------------+
; th                                                               ;
+---------------+-------------+-----------+------+------+----------+
; Minimum Slack ; Required th ; Actual th ; From ; To   ; To Clock ;
+---------------+-------------+-----------+------+------+----------+
; N/A           ; None        ; -1.862 ns ; EN   ; inst ; C        ;
; N/A           ; None        ; -1.985 ns ; D    ; inst ; C        ;
+---------------+-------------+-----------+------+------+----------+


+--------------------------+
; Timing Analyzer Messages ;
+--------------------------+
Info: *******************************************************************
Info: Running Quartus II Classic Timing Analyzer
    Info: Version 9.0 Build 184 04/29/2009 Service Pack 1 SJ Web Edition
    Info: Processing started: Fri Dec 08 21:21:15 2017
Info: Command: quartus_tan --read_settings_files=off --write_settings_files=off dchufa -c dchufa --timing_analysis_only
Warning: Found pins functioning as undefined clocks and/or memory enables
    Info: Assuming node "C" is an undefined clock
Info: Clock "C" Internal fmax is restricted to 500.0 MHz between source register "inst" and destination register "inst"
    Info: fmax restricted to clock pin edge rate 2.0 ns. Expand message to see actual delay path.
        Info: + Longest register to register delay is 0.396 ns
            Info: 1: + IC(0.000 ns) + CELL(0.000 ns) = 0.000 ns; Loc. = LCFF_X18_Y25_N1; Fanout = 2; REG Node = 'inst'
            Info: 2: + IC(0.000 ns) + CELL(0.241 ns) = 0.241 ns; Loc. = LCCOMB_X18_Y25_N0; Fanout = 1; COMB Node = 'inst~0'
            Info: 3: + IC(0.000 ns) + CELL(0.155 ns) = 0.396 ns; Loc. = LCFF_X18_Y25_N1; Fanout = 2; REG Node = 'inst'
            Info: Total cell delay = 0.396 ns ( 100.00 % )
        Info: - Smallest clock skew is 0.000 ns
            Info: + Shortest clock path from clock "C" to destination register is 3.072 ns
                Info: 1: + IC(0.000 ns) + CELL(0.809 ns) = 0.809 ns; Loc. = PIN_AA12; Fanout = 1; CLK Node = 'C'
                Info: 2: + IC(1.645 ns) + CELL(0.618 ns) = 3.072 ns; Loc. = LCFF_X18_Y25_N1; Fanout = 2; REG Node = 'inst'
                Info: Total cell delay = 1.427 ns ( 46.45 % )
                Info: Total interconnect delay = 1.645 ns ( 53.55 % )
            Info: - Longest clock path from clock "C" to source register is 3.072 ns
                Info: 1: + IC(0.000 ns) + CELL(0.809 ns) = 0.809 ns; Loc. = PIN_AA12; Fanout = 1; CLK Node = 'C'
                Info: 2: + IC(1.645 ns) + CELL(0.618 ns) = 3.072 ns; Loc. = LCFF_X18_Y25_N1; Fanout = 2; REG Node = 'inst'
                Info: Total cell delay = 1.427 ns ( 46.45 % )
                Info: Total interconnect delay = 1.645 ns ( 53.55 % )
        Info: + Micro clock to output delay of source is 0.094 ns
        Info: + Micro setup delay of destination is 0.090 ns
Info: tsu for register "inst" (data pin = "D", clock pin = "C") is 2.224 ns
    Info: + Longest pin to register delay is 5.206 ns
        Info: 1: + IC(0.000 ns) + CELL(0.800 ns) = 0.800 ns; Loc. = PIN_G18; Fanout = 1; PIN Node = 'D'
        Info: 2: + IC(3.979 ns) + CELL(0.272 ns) = 5.051 ns; Loc. = LCCOMB_X18_Y25_N0; Fanout = 1; COMB Node = 'inst~0'
        Info: 3: + IC(0.000 ns) + CELL(0.155 ns) = 5.206 ns; Loc. = LCFF_X18_Y25_N1; Fanout = 2; REG Node = 'inst'
        Info: Total cell delay = 1.227 ns ( 23.57 % )
        Info: Total interconnect delay = 3.979 ns ( 76.43 % )
    Info: + Micro setup delay of destination is 0.090 ns
    Info: - Shortest clock path from clock "C" to destination register is 3.072 ns
        Info: 1: + IC(0.000 ns) + CELL(0.809 ns) = 0.809 ns; Loc. = PIN_AA12; Fanout = 1; CLK Node = 'C'
        Info: 2: + IC(1.645 ns) + CELL(0.618 ns) = 3.072 ns; Loc. = LCFF_X18_Y25_N1; Fanout = 2; REG Node = 'inst'
        Info: Total cell delay = 1.427 ns ( 46.45 % )
        Info: Total interconnect delay = 1.645 ns ( 53.55 % )
Info: tco from clock "C" to destination pin "Q" through register "inst" is 7.406 ns
    Info: + Longest clock path from clock "C" to source register is 3.072 ns
        Info: 1: + IC(0.000 ns) + CELL(0.809 ns) = 0.809 ns; Loc. = PIN_AA12; Fanout = 1; CLK Node = 'C'
        Info: 2: + IC(1.645 ns) + CELL(0.618 ns) = 3.072 ns; Loc. = LCFF_X18_Y25_N1; Fanout = 2; REG Node = 'inst'
        Info: Total cell delay = 1.427 ns ( 46.45 % )
        Info: Total interconnect delay = 1.645 ns ( 53.55 % )
    Info: + Micro clock to output delay of source is 0.094 ns
    Info: + Longest register to pin delay is 4.240 ns
        Info: 1: + IC(0.000 ns) + CELL(0.000 ns) = 0.000 ns; Loc. = LCFF_X18_Y25_N1; Fanout = 2; REG Node = 'inst'
        Info: 2: + IC(2.116 ns) + CELL(2.124 ns) = 4.240 ns; Loc. = PIN_J6; Fanout = 0; PIN Node = 'Q'
        Info: Total cell delay = 2.124 ns ( 50.09 % )
        Info: Total interconnect delay = 2.116 ns ( 49.91 % )
Info: th for register "inst" (data pin = "EN", clock pin = "C") is -1.862 ns
    Info: + Longest clock path from clock "C" to destination register is 3.072 ns
        Info: 1: + IC(0.000 ns) + CELL(0.809 ns) = 0.809 ns; Loc. = PIN_AA12; Fanout = 1; CLK Node = 'C'
        Info: 2: + IC(1.645 ns) + CELL(0.618 ns) = 3.072 ns; Loc. = LCFF_X18_Y25_N1; Fanout = 2; REG Node = 'inst'
        Info: Total cell delay = 1.427 ns ( 46.45 % )
        Info: Total interconnect delay = 1.645 ns ( 53.55 % )
    Info: + Micro hold delay of destination is 0.149 ns
    Info: - Shortest pin to register delay is 5.083 ns
        Info: 1: + IC(0.000 ns) + CELL(0.799 ns) = 0.799 ns; Loc. = PIN_C13; Fanout = 1; PIN Node = 'EN'
        Info: 2: + IC(3.772 ns) + CELL(0.357 ns) = 4.928 ns; Loc. = LCCOMB_X18_Y25_N0; Fanout = 1; COMB Node = 'inst~0'
        Info: 3: + IC(0.000 ns) + CELL(0.155 ns) = 5.083 ns; Loc. = LCFF_X18_Y25_N1; Fanout = 2; REG Node = 'inst'
        Info: Total cell delay = 1.311 ns ( 25.79 % )
        Info: Total interconnect delay = 3.772 ns ( 74.21 % )
Info: Quartus II Classic Timing Analyzer was successful. 0 errors, 1 warning
    Info: Peak virtual memory: 247 megabytes
    Info: Processing ended: Fri Dec 08 21:21:17 2017
    Info: Elapsed time: 00:00:02
    Info: Total CPU time (on all processors): 00:00:01


